#
# A fatal error has been detected by the Java Runtime Environment:
#
#  SIGSEGV (0xb) at pc=0x00007f8dee5a3baa, pid=23445, tid=140247840306944
#
# JRE version: 6.0_22-b22
# Java VM: OpenJDK 64-Bit Server VM (20.0-b11 mixed mode linux-amd64 compressed oops)
# Derivative: IcedTea6 1.10.2
# Distribution: Ubuntu 11.04, package 6b22-1.10.2-0ubuntu1~11.04.1
# Problematic frame:
# C  [libwebkitgtk-1.0.so.0+0x1267baa]  WTF::fastFree(void*)+0xb06a
#
# If you would like to submit a bug report, please include
# instructions how to reproduce the bug and visit:
#   https://bugs.launchpad.net/ubuntu/+source/openjdk-6/
#

---------------  T H R E A D  ---------------

Current thread (0x00000000006b8000):  VMThread [stack: 0x00007f8dfea3b000,0x00007f8dfeb3c000] [id=23447]

siginfo:si_signo=SIGSEGV: si_errno=0, si_code=1 (SEGV_MAPERR), si_addr=0x00000000bbadbeef

Registers:
RAX=0x00000000bbadbeef, RBX=0x00007f8ddb3f0b40, RCX=0x00007f8e047822c0, RDX=0x0000000000000000
RSP=0x00007f8dfeb3a930, RBP=0x00007f8de8c06cc0, RSI=0x00007f8dfeb3a958, RDI=0x00007f8de8c06cc0
R8 =0x00007f8df6372d68, R9 =0x0000000000000000, R10=0x000000000000003f, R11=0x00000000ffffffff
R12=0x0000000000000000, R13=0x00007f8de4eea1e0, R14=0x0000000000000030, R15=0x0000000000000005
RIP=0x00007f8dee5a3baa, EFLAGS=0x0000000000010246, CSGSFS=0x0000000000000033, ERR=0x0000000000000006
  TRAPNO=0x000000000000000e

Top of Stack: (sp=0x00007f8dfeb3a930)
0x00007f8dfeb3a930:   0000000000000000 0000000000000000
0x00007f8dfeb3a940:   0000000000000000 0000000000000000
0x00007f8dfeb3a950:   00007f8de4f20740 00007f8ddb3f0b40
0x00007f8dfeb3a960:   00007f8de4ee9c00 00007f8ddb3f0b40
0x00007f8dfeb3a970:   00007f8deeb17800 00007f8deda13f84
0x00007f8dfeb3a980:   00007f8de4ee9c00 00007f8de8b35900
0x00007f8dfeb3a990:   00007f8ddb42adc0 0000000000665970
0x00007f8dfeb3a9a0:   00007f8de4fa2050 00007f8dedb5a349
0x00007f8dfeb3a9b0:   00007f8de4fa2000 00007f8ded7950a0
0x00007f8dfeb3a9c0:   0000000000665980 0000004003e488e3
0x00007f8dfeb3a9d0:   00007f8dfeb3a9f0 00000000021f9ce0
0x00007f8dfeb3a9e0:   0000000000000000 00000000006b7900
0x00007f8dfeb3a9f0:   0000000000665970 0000000000665d58
0x00007f8dfeb3aa00:   0000000000665980 00007f8e03e05961
0x00007f8dfeb3aa10:   0000000000000000 00007f8dfeb3aa40
0x00007f8dfeb3aa20:   00000000006b7900 00007f8e0367d557
0x00007f8dfeb3aa30:   00007f8dfeb3aa60 00007f8e04b956c0
0x00007f8dfeb3aa40:   00007f8dfeb3aa80 00007f8e03989d0c
0x00007f8dfeb3aa50:   000000004e2f3ab4 00000000006b7900
0x00007f8dfeb3aa60:   00007f8e04b956c0 0000000000665970
0x00007f8dfeb3aa70:   0000000000665980 0000000000665d58
0x00007f8dfeb3aa80:   00007f8dfeb3ab00 00007f8e03988e7f
0x00007f8dfeb3aa90:   00007f8dfeb3aaa0 431bde82d7b634db
0x00007f8dfeb3aaa0:   0000000000000000 000000007e92fc6d
0x00007f8dfeb3aab0:   0000000000657f01 00000000006b96d0
0x00007f8dfeb3aac0:   0000000000000000 0000000000000000
0x00007f8dfeb3aad0:   00007f8dfeb3ab00 0000000000000000
0x00007f8dfeb3aae0:   00007f8e03dcae50 00007f8e03dcae60
0x00007f8dfeb3aaf0:   0000000000658070 00007f8e03dcae20
0x00007f8dfeb3ab00:   00007f8dfeb3ab80 00007f8e03989089
0x00007f8dfeb3ab10:   0000000000658070 00000000006b8000
0x00007f8dfeb3ab20:   00000000006b8000 0000000000652550 

Instructions: (pc=0x00007f8dee5a3baa)
0x00007f8dee5a3b8a:   1f 80 00 00 00 00 48 8b 7b 08 e8 a7 4f ff ff e9
0x00007f8dee5a3b9a:   16 ff ff ff 66 90 e8 bb 66 fe ff b8 ef be ad bb
0x00007f8dee5a3baa:   c7 00 00 00 00 00 31 c0 ff d0 8b 03 e9 d9 fe ff
0x00007f8dee5a3bba:   ff 0f 1f 44 00 00 bf 04 00 00 00 e8 d6 43 ff ff 

Register to memory mapping:

RAX=
[error occurred during error reporting (printing register info), id 0xb]

Stack: [0x00007f8dfea3b000,0x00007f8dfeb3c000],  sp=0x00007f8dfeb3a930,  free space=1022k
Native frames: (J=compiled Java code, j=interpreted, Vv=VM code, C=native code)
C  [libwebkitgtk-1.0.so.0+0x1267baa]  WTF::fastFree(void*)+0xb06a

VM_Operation (0x00007f8e04b956c0): Exit, mode: safepoint, requested by thread 0x0000000000659800


---------------  P R O C E S S  ---------------

Java Threads: ( => current thread )
  0x00000000006ee800 JavaThread "Low Memory Detector" daemon [_thread_blocked, id=23453, stack(0x00007f8dfddab000,0x00007f8dfdeac000)]
  0x00000000006e9800 JavaThread "C2 CompilerThread1" daemon [_thread_blocked, id=23452, stack(0x00007f8dfdeac000,0x00007f8dfdfad000)]
  0x00000000006e7000 JavaThread "C2 CompilerThread0" daemon [_thread_blocked, id=23451, stack(0x00007f8dfdfad000,0x00007f8dfe0ae000)]
  0x00000000006c1000 JavaThread "Finalizer" daemon [_thread_blocked, id=23449, stack(0x00007f8dfe839000,0x00007f8dfe93a000)]
  0x00000000006bf000 JavaThread "Reference Handler" daemon [_thread_blocked, id=23448, stack(0x00007f8dfe93a000,0x00007f8dfea3b000)]
  0x0000000000659800 JavaThread "main" [_thread_blocked, id=23446, stack(0x00007f8e04a96000,0x00007f8e04b97000)]

Other Threads:
=>0x00000000006b8000 VMThread [stack: 0x00007f8dfea3b000,0x00007f8dfeb3c000] [id=23447]

VM state:at safepoint (shutting down)

VM Mutex/Monitor currently owned by a thread:  ([mutex/lock_event])
[0x0000000000657ff0] Threads_lock - owner thread: 0x00000000006b8000

Heap
 def new generation   total 26496K, used 15906K [0x00000000d8000000, 0x00000000d9cc0000, 0x00000000e0000000)
  eden space 23552K,  67% used [0x00000000d8000000, 0x00000000d8f88bd0, 0x00000000d9700000)
  from space 2944K,   0% used [0x00000000d9700000, 0x00000000d9700000, 0x00000000d99e0000)
  to   space 2944K,   0% used [0x00000000d99e0000, 0x00000000d99e0000, 0x00000000d9cc0000)
 tenured generation   total 58732K, used 32782K [0x00000000e0000000, 0x00000000e395b000, 0x00000000f0000000)
   the space 58732K,  55% used [0x00000000e0000000, 0x00000000e2003998, 0x00000000e2003a00, 0x00000000e395b000)
 compacting perm gen  total 82944K, used 82879K [0x00000000f0000000, 0x00000000f5100000, 0x0000000100000000)
   the space 82944K,  99% used [0x00000000f0000000, 0x00000000f50efc08, 0x00000000f50efe00, 0x00000000f5100000)
No shared spaces configured.

Code Cache  [0x00007f8dfefa9000, 0x00007f8dff5a9000, 0x00007f8e01fa9000)
 total_blobs=1814 nmethods=1166 adapters=598 free_code_cache=44303808 largest_free_block=110016

Dynamic libraries:
00400000-00409000 r-xp 00000000 08:01 658328                             /usr/lib/jvm/java-6-openjdk/jre/bin/java
00608000-00609000 r--p 00008000 08:01 658328                             /usr/lib/jvm/java-6-openjdk/jre/bin/java
00609000-0060a000 rw-p 00009000 08:01 658328                             /usr/lib/jvm/java-6-openjdk/jre/bin/java
00650000-036e8000 rw-p 00000000 00:00 0                                  [heap]
d8000000-d9cc0000 rw-p 00000000 00:00 0 
d9cc0000-e0000000 rw-p 00000000 00:00 0 
e0000000-e395b000 rw-p 00000000 00:00 0 
e395b000-f0000000 rw-p 00000000 00:00 0 
f0000000-f5100000 rw-p 00000000 00:00 0 
f5100000-100000000 rw-p 00000000 00:00 0 
7f8dd7cee000-7f8dd7d4e000 r--p 00000000 08:01 1574248                    /usr/share/fonts/truetype/ubuntu-font-family/Ubuntu-RI.ttf
7f8dd7d4e000-7f8dd7d66000 r-xp 00000000 08:01 662747                     /usr/lib/mozilla/plugins/libtotem-gmp-plugin.so
7f8dd7d66000-7f8dd7f66000 ---p 00018000 08:01 662747                     /usr/lib/mozilla/plugins/libtotem-gmp-plugin.so
7f8dd7f66000-7f8dd7f68000 r--p 00018000 08:01 662747                     /usr/lib/mozilla/plugins/libtotem-gmp-plugin.so
7f8dd7f68000-7f8dd7f69000 rw-p 0001a000 08:01 662747                     /usr/lib/mozilla/plugins/libtotem-gmp-plugin.so
7f8dd7f69000-7f8dd7f7c000 r-xp 00000000 08:01 662749                     /usr/lib/mozilla/plugins/libtotem-narrowspace-plugin.so
7f8dd7f7c000-7f8dd817b000 ---p 00013000 08:01 662749                     /usr/lib/mozilla/plugins/libtotem-narrowspace-plugin.so
7f8dd817b000-7f8dd817c000 r--p 00012000 08:01 662749                     /usr/lib/mozilla/plugins/libtotem-narrowspace-plugin.so
7f8dd817c000-7f8dd817d000 rw-p 00013000 08:01 662749                     /usr/lib/mozilla/plugins/libtotem-narrowspace-plugin.so
7f8dd817d000-7f8dd819a000 r-xp 00000000 08:01 393217                     /var/lib/flashplugin-installer/npwrapper.libflashplayer.so
7f8dd819a000-7f8dd8399000 ---p 0001d000 08:01 393217                     /var/lib/flashplugin-installer/npwrapper.libflashplayer.so
7f8dd8399000-7f8dd839a000 r--p 0001c000 08:01 393217                     /var/lib/flashplugin-installer/npwrapper.libflashplayer.so
7f8dd839a000-7f8dd839b000 rw-p 0001d000 08:01 393217                     /var/lib/flashplugin-installer/npwrapper.libflashplayer.so
7f8dd839b000-7f8dd83ac000 r-xp 00000000 08:01 662748                     /usr/lib/mozilla/plugins/libtotem-mully-plugin.so
7f8dd83ac000-7f8dd85ab000 ---p 00011000 08:01 662748                     /usr/lib/mozilla/plugins/libtotem-mully-plugin.so
7f8dd85ab000-7f8dd85ac000 r--p 00010000 08:01 662748                     /usr/lib/mozilla/plugins/libtotem-mully-plugin.so
7f8dd85ac000-7f8dd85ad000 rw-p 00011000 08:01 662748                     /usr/lib/mozilla/plugins/libtotem-mully-plugin.so
7f8dd85ad000-7f8dd85b0000 r-xp 00000000 08:01 2625288                    /lib/x86_64-linux-gnu/libgpg-error.so.0.8.0
7f8dd85b0000-7f8dd87af000 ---p 00003000 08:01 2625288                    /lib/x86_64-linux-gnu/libgpg-error.so.0.8.0
7f8dd87af000-7f8dd87b0000 r--p 00002000 08:01 2625288                    /lib/x86_64-linux-gnu/libgpg-error.so.0.8.0
7f8dd87b0000-7f8dd87b1000 rw-p 00003000 08:01 2625288                    /lib/x86_64-linux-gnu/libgpg-error.so.0.8.0
7f8dd87b1000-7f8dd87c0000 r-xp 00000000 08:01 664189                     /usr/lib/x86_64-linux-gnu/libtasn1.so.3.1.9
7f8dd87c0000-7f8dd89c0000 ---p 0000f000 08:01 664189                     /usr/lib/x86_64-linux-gnu/libtasn1.so.3.1.9
7f8dd89c0000-7f8dd89c1000 r--p 0000f000 08:01 664189                     /usr/lib/x86_64-linux-gnu/libtasn1.so.3.1.9
7f8dd89c1000-7f8dd89c2000 rw-p 00010000 08:01 664189                     /usr/lib/x86_64-linux-gnu/libtasn1.so.3.1.9
7f8dd89c2000-7f8dd89c4000 r-xp 00000000 08:01 2625290                    /lib/x86_64-linux-gnu/libkeyutils.so.1.3
7f8dd89c4000-7f8dd8bc3000 ---p 00002000 08:01 2625290                    /lib/x86_64-linux-gnu/libkeyutils.so.1.3
7f8dd8bc3000-7f8dd8bc4000 r--p 00001000 08:01 2625290                    /lib/x86_64-linux-gnu/libkeyutils.so.1.3
7f8dd8bc4000-7f8dd8bc5000 rw-p 00002000 08:01 2625290                    /lib/x86_64-linux-gnu/libkeyutils.so.1.3
7f8dd8bc5000-7f8dd8bcc000 r-xp 00000000 08:01 664150                     /usr/lib/x86_64-linux-gnu/libkrb5support.so.0.1
7f8dd8bcc000-7f8dd8dcb000 ---p 00007000 08:01 664150                     /usr/lib/x86_64-linux-gnu/libkrb5support.so.0.1
7f8dd8dcb000-7f8dd8dcc000 r--p 00006000 08:01 664150                     /usr/lib/x86_64-linux-gnu/libkrb5support.so.0.1
7f8dd8dcc000-7f8dd8dcd000 rw-p 00007000 08:01 664150                     /usr/lib/x86_64-linux-gnu/libkrb5support.so.0.1
7f8dd8dcd000-7f8dd8dd0000 r-xp 00000000 08:01 2625259                    /lib/x86_64-linux-gnu/libcom_err.so.2.1
7f8dd8dd0000-7f8dd8fcf000 ---p 00003000 08:01 2625259                    /lib/x86_64-linux-gnu/libcom_err.so.2.1
7f8dd8fcf000-7f8dd8fd0000 r--p 00002000 08:01 2625259                    /lib/x86_64-linux-gnu/libcom_err.so.2.1
7f8dd8fd0000-7f8dd8fd1000 rw-p 00003000 08:01 2625259                    /lib/x86_64-linux-gnu/libcom_err.so.2.1
7f8dd8fd1000-7f8dd8ff6000 r-xp 00000000 08:01 664146                     /usr/lib/x86_64-linux-gnu/libk5crypto.so.3.1
7f8dd8ff6000-7f8dd91f6000 ---p 00025000 08:01 664146                     /usr/lib/x86_64-linux-gnu/libk5crypto.so.3.1
7f8dd91f6000-7f8dd91f7000 r--p 00025000 08:01 664146                     /usr/lib/x86_64-linux-gnu/libk5crypto.so.3.1
7f8dd91f7000-7f8dd91f8000 rw-p 00026000 08:01 664146                     /usr/lib/x86_64-linux-gnu/libk5crypto.so.3.1
7f8dd91f8000-7f8dd92b2000 r-xp 00000000 08:01 664148                     /usr/lib/x86_64-linux-gnu/libkrb5.so.3.3
7f8dd92b2000-7f8dd94b2000 ---p 000ba000 08:01 664148                     /usr/lib/x86_64-linux-gnu/libkrb5.so.3.3
7f8dd94b2000-7f8dd94bb000 r--p 000ba000 08:01 664148                     /usr/lib/x86_64-linux-gnu/libkrb5.so.3.3
7f8dd94bb000-7f8dd94bc000 rw-p 000c3000 08:01 664148                     /usr/lib/x86_64-linux-gnu/libkrb5.so.3.3
7f8dd94bc000-7f8dd94d5000 r-xp 00000000 08:01 659719                     /usr/lib/libsasl2.so.2.0.23
7f8dd94d5000-7f8dd96d4000 ---p 00019000 08:01 659719                     /usr/lib/libsasl2.so.2.0.23
7f8dd96d4000-7f8dd96d5000 r--p 00018000 08:01 659719                     /usr/lib/libsasl2.so.2.0.23
7f8dd96d5000-7f8dd96d6000 rw-p 00019000 08:01 659719                     /usr/lib/libsasl2.so.2.0.23
7f8dd96d6000-7f8dd974c000 r-xp 00000000 08:01 2625284                    /lib/x86_64-linux-gnu/libgcrypt.so.11.6.0
7f8dd974c000-7f8dd994c000 ---p 00076000 08:01 2625284                    /lib/x86_64-linux-gnu/libgcrypt.so.11.6.0
7f8dd994c000-7f8dd994d000 r--p 00076000 08:01 2625284                    /lib/x86_64-linux-gnu/libgcrypt.so.11.6.0
7f8dd994d000-7f8dd9950000 rw-p 00077000 08:01 2625284                    /lib/x86_64-linux-gnu/libgcrypt.so.11.6.0
7f8dd9950000-7f8dd99ea000 r-xp 00000000 08:01 664129                     /usr/lib/x86_64-linux-gnu/libgnutls.so.26.14.12
7f8dd99ea000-7f8dd9bea000 ---p 0009a000 08:01 664129                     /usr/lib/x86_64-linux-gnu/libgnutls.so.26.14.12
7f8dd9bea000-7f8dd9bf0000 r--p 0009a000 08:01 664129                     /usr/lib/x86_64-linux-gnu/libgnutls.so.26.14.12
7f8dd9bf0000-7f8dd9bf1000 rw-p 000a0000 08:01 664129                     /usr/lib/x86_64-linux-gnu/libgnutls.so.26.14.12
7f8dd9bf1000-7f8dd9c24000 r-xp 00000000 08:01 664135                     /usr/lib/x86_64-linux-gnu/libgssapi_krb5.so.2.2
7f8dd9c24000-7f8dd9e24000 ---p 00033000 08:01 664135                     /usr/lib/x86_64-linux-gnu/libgssapi_krb5.so.2.2
7f8dd9e24000-7f8dd9e25000 r--p 00033000 08:01 664135                     /usr/lib/x86_64-linux-gnu/libgssapi_krb5.so.2.2
7f8dd9e25000-7f8dd9e26000 rw-p 00034000 08:01 664135                     /usr/lib/x86_64-linux-gnu/libgssapi_krb5.so.2.2
7f8dd9e26000-7f8dd9e6d000 r-xp 00000000 08:01 659514                     /usr/lib/libldap_r-2.4.so.2.5.6
7f8dd9e6d000-7f8dda06c000 ---p 00047000 08:01 659514                     /usr/lib/libldap_r-2.4.so.2.5.6
7f8dda06c000-7f8dda06e000 r--p 00046000 08:01 659514                     /usr/lib/libldap_r-2.4.so.2.5.6
7f8dda06e000-7f8dda06f000 rw-p 00048000 08:01 659514                     /usr/lib/libldap_r-2.4.so.2.5.6
7f8dda06f000-7f8dda071000 rw-p 00000000 00:00 0 
7f8dda071000-7f8dda07e000 r-xp 00000000 08:01 659509                     /usr/lib/liblber-2.4.so.2.5.6
7f8dda07e000-7f8dda27d000 ---p 0000d000 08:01 659509                     /usr/lib/liblber-2.4.so.2.5.6
7f8dda27d000-7f8dda27e000 r--p 0000c000 08:01 659509                     /usr/lib/liblber-2.4.so.2.5.6
7f8dda27e000-7f8dda27f000 rw-p 0000d000 08:01 659509                     /usr/lib/liblber-2.4.so.2.5.6
7f8dda27f000-7f8dda2b0000 r-xp 00000000 08:01 659474                     /usr/lib/libidn.so.11.6.1
7f8dda2b0000-7f8dda4b0000 ---p 00031000 08:01 659474                     /usr/lib/libidn.so.11.6.1
7f8dda4b0000-7f8dda4b1000 r--p 00031000 08:01 659474                     /usr/lib/libidn.so.11.6.1
7f8dda4b1000-7f8dda4b2000 rw-p 00032000 08:01 659474                     /usr/lib/libidn.so.11.6.1
7f8dda4b2000-7f8dda4dc000 r-xp 00000000 08:01 659525                     /usr/lib/liblua5.1.so.0.0.0
7f8dda4dc000-7f8dda6db000 ---p 0002a000 08:01 659525                     /usr/lib/liblua5.1.so.0.0.0
7f8dda6db000-7f8dda6dd000 r--p 00029000 08:01 659525                     /usr/lib/liblua5.1.so.0.0.0
7f8dda6dd000-7f8dda6de000 rw-p 0002b000 08:01 659525                     /usr/lib/liblua5.1.so.0.0.0
7f8dda6de000-7f8dda730000 r-xp 00000000 08:01 655726                     /usr/lib/libcurl-gnutls.so.4.2.0
7f8dda730000-7f8dda92f000 ---p 00052000 08:01 655726                     /usr/lib/libcurl-gnutls.so.4.2.0
7f8dda92f000-7f8dda931000 r--p 00051000 08:01 655726                     /usr/lib/libcurl-gnutls.so.4.2.0
7f8dda931000-7f8dda932000 rw-p 00053000 08:01 655726                     /usr/lib/libcurl-gnutls.so.4.2.0
7f8dda932000-7f8dda939000 r-xp 00000000 08:01 659698                     /usr/lib/libquvi.so.0.3.3
7f8dda939000-7f8ddab38000 ---p 00007000 08:01 659698                     /usr/lib/libquvi.so.0.3.3
7f8ddab38000-7f8ddab39000 r--p 00006000 08:01 659698                     /usr/lib/libquvi.so.0.3.3
7f8ddab39000-7f8ddab3a000 rw-p 00007000 08:01 659698                     /usr/lib/libquvi.so.0.3.3
7f8ddab3a000-7f8ddab3f000 r-xp 00000000 08:01 659794                     /usr/lib/libtotem-plparser-mini.so.17.0.1
7f8ddab3f000-7f8ddad3e000 ---p 00005000 08:01 659794                     /usr/lib/libtotem-plparser-mini.so.17.0.1
7f8ddad3e000-7f8ddad3f000 r--p 00004000 08:01 659794                     /usr/lib/libtotem-plparser-mini.so.17.0.1
7f8ddad3f000-7f8ddad40000 rw-p 00005000 08:01 659794                     /usr/lib/libtotem-plparser-mini.so.17.0.1
7f8ddad40000-7f8ddad64000 r-xp 00000000 08:01 659151                     /usr/lib/libdbus-glib-1.so.2.1.0
7f8ddad64000-7f8ddaf64000 ---p 00024000 08:01 659151                     /usr/lib/libdbus-glib-1.so.2.1.0
7f8ddaf64000-7f8ddaf65000 r--p 00024000 08:01 659151                     /usr/lib/libdbus-glib-1.so.2.1.0
7f8ddaf65000-7f8ddaf66000 rw-p 00025000 08:01 659151                     /usr/lib/libdbus-glib-1.so.2.1.0
7f8ddaf66000-7f8ddaf7d000 r-xp 00000000 08:01 662746                     /usr/lib/mozilla/plugins/libtotem-cone-plugin.so
7f8ddaf7d000-7f8ddb17c000 ---p 00017000 08:01 662746                     /usr/lib/mozilla/plugins/libtotem-cone-plugin.so
7f8ddb17c000-7f8ddb17e000 r--p 00016000 08:01 662746                     /usr/lib/mozilla/plugins/libtotem-cone-plugin.so
7f8ddb17e000-7f8ddb17f000 rw-p 00018000 08:01 662746                     /usr/lib/mozilla/plugins/libtotem-cone-plugin.so
7f8ddb18d000-7f8ddb38d000 rw-p 00000000 00:00 0 
7f8ddb394000-7f8ddb494000 rw-p 00000000 00:00 0 
7f8ddb4b0000-7f8ddb5b0000 rw-p 00000000 00:00 0 
7f8ddb5be000-7f8ddb6c6000 rw-p 00000000 00:00 0 
7f8ddb6c6000-7f8ddb747000 r--p 00000000 08:01 1584416                    /usr/share/fonts/truetype/ttf-dejavu/DejaVuSans-BoldOblique.ttf
7f8ddb770000-7f8ddb7c8000 r--p 00000000 08:01 1574247                    /usr/share/fonts/truetype/ubuntu-font-family/Ubuntu-R.ttf
7f8ddb7c8000-7f8ddb863000 r--p 00000000 08:01 1574203                    /usr/share/fonts/truetype/ttf-dejavu/DejaVuSans.ttf
7f8ddb863000-7f8ddb86a000 r-xp 00000000 08:01 2625298                    /lib/x86_64-linux-gnu/libnss_dns-2.13.so
7f8ddb86a000-7f8ddba69000 ---p 00007000 08:01 2625298                    /lib/x86_64-linux-gnu/libnss_dns-2.13.so
7f8ddba69000-7f8ddba6a000 r--p 00006000 08:01 2625298                    /lib/x86_64-linux-gnu/libnss_dns-2.13.so
7f8ddba6a000-7f8ddba6b000 rw-p 00007000 08:01 2625298                    /lib/x86_64-linux-gnu/libnss_dns-2.13.so
7f8ddba6b000-7f8ddba6d000 r-xp 00000000 08:01 2621508                    /lib/libnss_mdns4_minimal.so.2
7f8ddba6d000-7f8ddbc6c000 ---p 00002000 08:01 2621508                    /lib/libnss_mdns4_minimal.so.2
7f8ddbc6c000-7f8ddbc6d000 r--p 00001000 08:01 2621508                    /lib/libnss_mdns4_minimal.so.2
7f8ddbc6d000-7f8ddbc6e000 rw-p 00002000 08:01 2621508                    /lib/libnss_mdns4_minimal.so.2
7f8ddbc6e000-7f8ddbc71000 ---p 00000000 00:00 0 
7f8ddbc71000-7f8ddbd6f000 rw-p 00000000 00:00 0 
7f8ddbe70000-7f8ddbe73000 ---p 00000000 00:00 0 
7f8ddbe73000-7f8ddbf71000 rw-p 00000000 00:00 0 
7f8ddbf71000-7f8ddc000000 r--p 00000000 08:01 1574202                    /usr/share/fonts/truetype/ttf-dejavu/DejaVuSans-Bold.ttf
7f8ddc000000-7f8dddea6000 rw-p 00000000 00:00 0 
7f8dddea6000-7f8de0000000 ---p 00000000 00:00 0 
7f8de003b000-7f8de0071000 r-xp 00000000 08:01 659127                     /usr/lib/libcroco-0.6.so.3.0.1
7f8de0071000-7f8de0270000 ---p 00036000 08:01 659127                     /usr/lib/libcroco-0.6.so.3.0.1
7f8de0270000-7f8de0271000 r--p 00035000 08:01 659127                     /usr/lib/libcroco-0.6.so.3.0.1
7f8de0271000-7f8de0274000 rw-p 00036000 08:01 659127                     /usr/lib/libcroco-0.6.so.3.0.1
7f8de0274000-7f8de02a8000 r-xp 00000000 08:01 659712                     /usr/lib/librsvg-2.so.2.32.1
7f8de02a8000-7f8de04a8000 ---p 00034000 08:01 659712                     /usr/lib/librsvg-2.so.2.32.1
7f8de04a8000-7f8de04a9000 r--p 00034000 08:01 659712                     /usr/lib/librsvg-2.so.2.32.1
7f8de04a9000-7f8de04aa000 rw-p 00035000 08:01 659712                     /usr/lib/librsvg-2.so.2.32.1
7f8de04aa000-7f8de04ac000 r-xp 00000000 08:01 661047                     /usr/lib/gdk-pixbuf-2.0/2.10.0/loaders/libpixbufloader-svg.so
7f8de04ac000-7f8de06ab000 ---p 00002000 08:01 661047                     /usr/lib/gdk-pixbuf-2.0/2.10.0/loaders/libpixbufloader-svg.so
7f8de06ab000-7f8de06ac000 r--p 00001000 08:01 661047                     /usr/lib/gdk-pixbuf-2.0/2.10.0/loaders/libpixbufloader-svg.so
7f8de06ac000-7f8de06ad000 rw-p 00002000 08:01 661047                     /usr/lib/gdk-pixbuf-2.0/2.10.0/loaders/libpixbufloader-svg.so
7f8de06ad000-7f8de0afc000 r--p 00000000 08:01 1313969                    /usr/share/icons/hicolor/icon-theme.cache
7f8de0afc000-7f8de2da6000 r--p 00000000 08:01 1322248                    /usr/share/icons/gnome/icon-theme.cache
7f8de2da6000-7f8de2e90000 r--p 00000000 08:01 1314877                    /usr/share/icons/Humanity/icon-theme.cache
7f8de3e92000-7f8de3e93000 ---p 00000000 00:00 0 
7f8de3e93000-7f8de4693000 rw-p 00000000 00:00 0 
7f8de4693000-7f8de4694000 ---p 00000000 00:00 0 
7f8de4694000-7f8de4e94000 rw-p 00000000 00:00 0 
7f8de4e9b000-7f8de4fa3000 rw-p 00000000 00:00 0 
7f8de4fb8000-7f8de4fbf000 rw-p 00000000 00:00 0 
7f8de4fdb000-7f8de53eb000 rw-p 00000000 00:00 0 
7f8de53eb000-7f8de73eb000 rwxp 00000000 00:00 0 
7f8de73eb000-7f8de73ed000 r-xp 00000000 08:01 1051436                    /usr/lib/x86_64-linux-gnu/gconv/ISO8859-1.so
7f8de73ed000-7f8de75ec000 ---p 00002000 08:01 1051436                    /usr/lib/x86_64-linux-gnu/gconv/ISO8859-1.so
7f8de75ec000-7f8de75ed000 r--p 00001000 08:01 1051436                    /usr/lib/x86_64-linux-gnu/gconv/ISO8859-1.so
7f8de75ed000-7f8de75ee000 rw-p 00002000 08:01 1051436                    /usr/lib/x86_64-linux-gnu/gconv/ISO8859-1.so
7f8de75ee000-7f8de75f9000 r-xp 00000000 08:01 660679                     /usr/lib/enchant/libenchant_hspell.so
7f8de75f9000-7f8de77f8000 ---p 0000b000 08:01 660679                     /usr/lib/enchant/libenchant_hspell.so
7f8de77f8000-7f8de77f9000 r--p 0000a000 08:01 660679                     /usr/lib/enchant/libenchant_hspell.so
7f8de77f9000-7f8de77fc000 rw-p 0000b000 08:01 660679                     /usr/lib/enchant/libenchant_hspell.so
7f8de77fc000-7f8de78b9000 r-xp 00000000 08:01 659050                     /usr/lib/libaspell.so.15.1.4
7f8de78b9000-7f8de7ab9000 ---p 000bd000 08:01 659050                     /usr/lib/libaspell.so.15.1.4
7f8de7ab9000-7f8de7abf000 r--p 000bd000 08:01 659050                     /usr/lib/libaspell.so.15.1.4
7f8de7abf000-7f8de7ac0000 rw-p 000c3000 08:01 659050                     /usr/lib/libaspell.so.15.1.4
7f8de7ac0000-7f8de7ac8000 rw-p 00000000 00:00 0 
7f8de7ac8000-7f8de7aca000 r-xp 00000000 08:01 660678                     /usr/lib/enchant/libenchant_aspell.so
7f8de7aca000-7f8de7cc9000 ---p 00002000 08:01 660678                     /usr/lib/enchant/libenchant_aspell.so
7f8de7cc9000-7f8de7cca000 r--p 00001000 08:01 660678                     /usr/lib/enchant/libenchant_aspell.so
7f8de7cca000-7f8de7ccb000 rw-p 00002000 08:01 660678                     /usr/lib/enchant/libenchant_aspell.so
7f8de7ccb000-7f8de7cd6000 r-xp 00000000 08:01 660680                     /usr/lib/enchant/libenchant_ispell.so
7f8de7cd6000-7f8de7ed6000 ---p 0000b000 08:01 660680                     /usr/lib/enchant/libenchant_ispell.so
7f8de7ed6000-7f8de7ed7000 r--p 0000b000 08:01 660680                     /usr/lib/enchant/libenchant_ispell.so
7f8de7ed7000-7f8de7ed8000 rw-p 0000c000 08:01 660680                     /usr/lib/enchant/libenchant_ispell.so
7f8de7ed8000-7f8de7f24000 r-xp 00000000 08:01 659445                     /usr/lib/libhunspell-1.2.so.0.0.0
7f8de7f24000-7f8de8123000 ---p 0004c000 08:01 659445                     /usr/lib/libhunspell-1.2.so.0.0.0
7f8de8123000-7f8de8124000 r--p 0004b000 08:01 659445                     /usr/lib/libhunspell-1.2.so.0.0.0
7f8de8124000-7f8de8128000 rw-p 0004c000 08:01 659445                     /usr/lib/libhunspell-1.2.so.0.0.0
7f8de8128000-7f8de812d000 r-xp 00000000 08:01 660681                     /usr/lib/enchant/libenchant_myspell.so
7f8de812d000-7f8de832c000 ---p 00005000 08:01 660681                     /usr/lib/enchant/libenchant_myspell.so
7f8de832c000-7f8de832d000 r--p 00004000 08:01 660681                     /usr/lib/enchant/libenchant_myspell.so
7f8de832d000-7f8de832e000 rw-p 00005000 08:01 660681                     /usr/lib/enchant/libenchant_myspell.so
7f8de832e000-7f8de832f000 ---p 00000000 00:00 0 
7f8de832f000-7f8de8c2f000 rw-p 00000000 00:00 0 
7f8de8c2f000-7f8de8c30000 ---p 00000000 00:00 0 
7f8de8c30000-7f8de9430000 rw-p 00000000 00:00 0 
7f8de9430000-7f8de9437000 r-xp 00000000 00:16 79310748                   /homes/users/cs/students/2011/jharerimana/.eclipse/org.eclipse.platform_3.7.0_1473617060/configuration/org.eclipse.osgi/bundles/154/1/.cp/libswt-xpcominit-gtk-3735.so
7f8de9437000-7f8de9537000 ---p 00007000 00:16 79310748                   /homes/users/cs/students/2011/jharerimana/.eclipse/org.eclipse.platform_3.7.0_1473617060/configuration/org.eclipse.osgi/bundles/154/1/.cp/libswt-xpcominit-gtk-3735.so
7f8de9537000-7f8de9539000 rw-p 00007000 00:16 79310748                   /homes/users/cs/students/2011/jharerimana/.eclipse/org.eclipse.platform_3.7.0_1473617060/configuration/org.eclipse.osgi/bundles/154/1/.cp/libswt-xpcominit-gtk-3735.so
7f8de9539000-7f8de953d000 r-xp 00000000 08:01 2625335                    /lib/x86_64-linux-gnu/libuuid.so.1.3.0
7f8de953d000-7f8de973c000 ---p 00004000 08:01 2625335                    /lib/x86_64-linux-gnu/libuuid.so.1.3.0
7f8de973c000-7f8de973d000 r--p 00003000 08:01 2625335                    /lib/x86_64-linux-gnu/libuuid.so.1.3.0
7f8de973d000-7f8de973e000 rw-p 00004000 08:01 2625335                    /lib/x86_64-linux-gnu/libuuid.so.1.3.0
7f8de973e000-7f8de9754000 r-xp 00000000 08:01 664048                     /usr/lib/x86_64-linux-gnu/libICE.so.6.3.0
7f8de9754000-7f8de9954000 ---p 00016000 08:01 664048                     /usr/lib/x86_64-linux-gnu/libICE.so.6.3.0
7f8de9954000-7f8de9955000 r--p 00016000 08:01 664048                     /usr/lib/x86_64-linux-gnu/libICE.so.6.3.0
7f8de9955000-7f8de9956000 rw-p 00017000 08:01 664048                     /usr/lib/x86_64-linux-gnu/libICE.so.6.3.0
7f8de9956000-7f8de9959000 rw-p 00000000 00:00 0 
7f8de9959000-7f8de9960000 r-xp 00000000 08:01 664050                     /usr/lib/x86_64-linux-gnu/libSM.so.6.0.1
7f8de9960000-7f8de9b5f000 ---p 00007000 08:01 664050                     /usr/lib/x86_64-linux-gnu/libSM.so.6.0.1
7f8de9b5f000-7f8de9b60000 r--p 00006000 08:01 664050                     /usr/lib/x86_64-linux-gnu/libSM.so.6.0.1
7f8de9b60000-7f8de9b61000 rw-p 00007000 08:01 664050                     /usr/lib/x86_64-linux-gnu/libSM.so.6.0.1
7f8de9b61000-7f8dea9a1000 r--p 00000000 08:01 659457                     /usr/lib/libicudata.so.44.2
7f8dea9a1000-7f8deaba0000 ---p 00e40000 08:01 659457                     /usr/lib/libicudata.so.44.2
7f8deaba0000-7f8deaba1000 rw-p 00e3f000 08:01 659457                     /usr/lib/libicudata.so.44.2
7f8deaba1000-7f8deac00000 r-xp 00000000 08:01 664080                     /usr/lib/x86_64-linux-gnu/libXt.so.6.0.0
7f8deac00000-7f8deae00000 ---p 0005f000 08:01 664080                     /usr/lib/x86_64-linux-gnu/libXt.so.6.0.0
7f8deae00000-7f8deae01000 r--p 0005f000 08:01 664080                     /usr/lib/x86_64-linux-gnu/libXt.so.6.0.0
7f8deae01000-7f8deae06000 rw-p 00060000 08:01 664080                     /usr/lib/x86_64-linux-gnu/libXt.so.6.0.0
7f8deae06000-7f8deae07000 rw-p 00000000 00:00 0 
7f8deae07000-7f8deaf3b000 r-xp 00000000 08:01 659471                     /usr/lib/libicuuc.so.44.2
7f8deaf3b000-7f8deb13b000 ---p 00134000 08:01 659471                     /usr/lib/libicuuc.so.44.2
7f8deb13b000-7f8deb14a000 r--p 00134000 08:01 659471                     /usr/lib/libicuuc.so.44.2
7f8deb14a000-7f8deb14b000 rw-p 00143000 08:01 659471                     /usr/lib/libicuuc.so.44.2
7f8deb14b000-7f8deb14f000 rw-p 00000000 00:00 0 
7f8deb14f000-7f8deb300000 r-xp 00000000 08:01 659459                     /usr/lib/libicui18n.so.44.2
7f8deb300000-7f8deb500000 ---p 001b1000 08:01 659459                     /usr/lib/libicui18n.so.44.2
7f8deb500000-7f8deb50b000 r--p 001b1000 08:01 659459                     /usr/lib/libicui18n.so.44.2
7f8deb50b000-7f8deb50c000 rw-p 001bc000 08:01 659459                     /usr/lib/libicui18n.so.44.2
7f8deb50c000-7f8deb50d000 rw-p 00000000 00:00 0 
7f8deb50d000-7f8deb5a3000 r-xp 00000000 08:01 664185                     /usr/lib/x86_64-linux-gnu/libsqlite3.so.0.8.6
7f8deb5a3000-7f8deb7a2000 ---p 00096000 08:01 664185                     /usr/lib/x86_64-linux-gnu/libsqlite3.so.0.8.6
7f8deb7a2000-7f8deb7a4000 r--p 00095000 08:01 664185                     /usr/lib/x86_64-linux-gnu/libsqlite3.so.0.8.6
7f8deb7a4000-7f8deb7a6000 rw-p 00097000 08:01 664185                     /usr/lib/x86_64-linux-gnu/libsqlite3.so.0.8.6
7f8deb7a6000-7f8deb8f0000 r-xp 00000000 08:01 657046                     /usr/lib/libxml2.so.2.7.8
7f8deb8f0000-7f8debaef000 ---p 0014a000 08:01 657046                     /usr/lib/libxml2.so.2.7.8
7f8debaef000-7f8debaf7000 r--p 00149000 08:01 657046                     /usr/lib/libxml2.so.2.7.8
7f8debaf7000-7f8debaf9000 rw-p 00151000 08:01 657046                     /usr/lib/libxml2.so.2.7.8
7f8debaf9000-7f8debafa000 rw-p 00000000 00:00 0 
7f8debafa000-7f8debb33000 r-xp 00000000 08:01 659875                     /usr/lib/libxslt.so.1.1.26
7f8debb33000-7f8debd32000 ---p 00039000 08:01 659875                     /usr/lib/libxslt.so.1.1.26
7f8debd32000-7f8debd33000 r--p 00038000 08:01 659875                     /usr/lib/libxslt.so.1.1.26
7f8debd33000-7f8debd34000 rw-p 00039000 08:01 659875                     /usr/lib/libxslt.so.1.1.26
7f8debd34000-7f8debd57000 r-xp 00000000 08:01 664144                     /usr/lib/x86_64-linux-gnu/libjpeg.so.62.0.0
7f8debd57000-7f8debf56000 ---p 00023000 08:01 664144                     /usr/lib/x86_64-linux-gnu/libjpeg.so.62.0.0
7f8debf56000-7f8debf57000 r--p 00022000 08:01 664144                     /usr/lib/x86_64-linux-gnu/libjpeg.so.62.0.0
7f8debf57000-7f8debf58000 rw-p 00023000 08:01 664144                     /usr/lib/x86_64-linux-gnu/libjpeg.so.62.0.0
7f8debf58000-7f8dec032000 r-xp 00000000 08:01 665251                     /usr/lib/libgstreamer-0.10.so.0.28.0
7f8dec032000-7f8dec232000 ---p 000da000 08:01 665251                     /usr/lib/libgstreamer-0.10.so.0.28.0
7f8dec232000-7f8dec237000 r--p 000da000 08:01 665251                     /usr/lib/libgstreamer-0.10.so.0.28.0
7f8dec237000-7f8dec239000 rw-p 000df000 08:01 665251                     /usr/lib/libgstreamer-0.10.so.0.28.0
7f8dec239000-7f8dec23b000 rw-p 00000000 00:00 0 
7f8dec23b000-7f8dec279000 r-xp 00000000 08:01 665246                     /usr/lib/libgstbase-0.10.so.0.28.0
7f8dec279000-7f8dec478000 ---p 0003e000 08:01 665246                     /usr/lib/libgstbase-0.10.so.0.28.0
7f8dec478000-7f8dec479000 r--p 0003d000 08:01 665246                     /usr/lib/libgstbase-0.10.so.0.28.0
7f8dec479000-7f8dec47a000 rw-p 0003e000 08:01 665246                     /usr/lib/libgstbase-0.10.so.0.28.0
7f8dec47a000-7f8dec485000 r-xp 00000000 08:01 659388                     /usr/lib/libgstvideo-0.10.so.0.23.0
7f8dec485000-7f8dec685000 ---p 0000b000 08:01 659388                     /usr/lib/libgstvideo-0.10.so.0.23.0
7f8dec685000-7f8dec686000 r--p 0000b000 08:01 659388                     /usr/lib/libgstvideo-0.10.so.0.23.0
7f8dec686000-7f8dec687000 rw-p 0000c000 08:01 659388                     /usr/lib/libgstvideo-0.10.so.0.23.0
7f8dec687000-7f8dec6a6000 r-xp 00000000 08:01 659374                     /usr/lib/libgstpbutils-0.10.so.0.23.0
7f8dec6a6000-7f8dec8a6000 ---p 0001f000 08:01 659374                     /usr/lib/libgstpbutils-0.10.so.0.23.0
7f8dec8a6000-7f8dec8a8000 r--p 0001f000 08:01 659374                     /usr/lib/libgstpbutils-0.10.so.0.23.0
7f8dec8a8000-7f8dec8a9000 rw-p 00021000 08:01 659374                     /usr/lib/libgstpbutils-0.10.so.0.23.0
7f8dec8a9000-7f8dec8b9000 r-xp 00000000 08:01 659368                     /usr/lib/libgstinterfaces-0.10.so.0.23.0
7f8dec8b9000-7f8decab9000 ---p 00010000 08:01 659368                     /usr/lib/libgstinterfaces-0.10.so.0.23.0
7f8decab9000-7f8decaba000 r--p 00010000 08:01 659368                     /usr/lib/libgstinterfaces-0.10.so.0.23.0
7f8decaba000-7f8decabb000 rw-p 00011000 08:01 659368                     /usr/lib/libgstinterfaces-0.10.so.0.23.0
7f8decabb000-7f8decac6000 r-xp 00000000 08:01 659350                     /usr/lib/libgstapp-0.10.so.0.23.0
7f8decac6000-7f8deccc5000 ---p 0000b000 08:01 659350                     /usr/lib/libgstapp-0.10.so.0.23.0
7f8deccc5000-7f8deccc6000 r--p 0000a000 08:01 659350                     /usr/lib/libgstapp-0.10.so.0.23.0
7f8deccc6000-7f8deccc7000 rw-p 0000b000 08:01 659350                     /usr/lib/libgstapp-0.10.so.0.23.0
7f8deccc7000-7f8deccce000 r-xp 00000000 08:01 659238                     /usr/lib/libgailutil.so.18.0.1
7f8deccce000-7f8dececd000 ---p 00007000 08:01 659238                     /usr/lib/libgailutil.so.18.0.1
7f8dececd000-7f8decece000 r--p 00006000 08:01 659238                     /usr/lib/libgailutil.so.18.0.1
7f8decece000-7f8dececf000 rw-p 00007000 08:01 659238                     /usr/lib/libgailutil.so.18.0.1
7f8dececf000-7f8deced9000 r-xp 00000000 08:01 659200                     /usr/lib/libenchant.so.1.6.0
7f8deced9000-7f8ded0d8000 ---p 0000a000 08:01 659200                     /usr/lib/libenchant.so.1.6.0
7f8ded0d8000-7f8ded0d9000 r--p 00009000 08:01 659200                     /usr/lib/libenchant.so.1.6.0
7f8ded0d9000-7f8ded0da000 rw-p 0000a000 08:01 659200                     /usr/lib/libenchant.so.1.6.0
7f8ded0da000-7f8ded138000 r-xp 00000000 08:01 659742                     /usr/lib/libsoup-2.4.so.1.4.0
7f8ded138000-7f8ded338000 ---p 0005e000 08:01 659742                     /usr/lib/libsoup-2.4.so.1.4.0
7f8ded338000-7f8ded33a000 r--p 0005e000 08:01 659742                     /usr/lib/libsoup-2.4.so.1.4.0
7f8ded33a000-7f8ded33b000 rw-p 00060000 08:01 659742                     /usr/lib/libsoup-2.4.so.1.4.0
7f8ded33b000-7f8ded33c000 rw-p 00000000 00:00 0 
7f8ded33c000-7f8dee8f3000 r-xp 00000000 08:01 659845                     /usr/lib/libwebkitgtk-1.0.so.0.6.0
7f8dee8f3000-7f8deeaf3000 ---p 015b7000 08:01 659845                     /usr/lib/libwebkitgtk-1.0.so.0.6.0
7f8deeaf3000-7f8deec7a000 r--p 015b7000 08:01 659845                     /usr/lib/libwebkitgtk-1.0.so.0.6.0
7f8deec7a000-7f8deec9a000 rw-p 0173e000 08:01 659845                     /usr/lib/libwebkitgtk-1.0.so.0.6.0
7f8deec9a000-7f8deecc5000 rw-p 00000000 00:00 0 
7f8deecc5000-7f8deeccd000 r-xp 00000000 00:16 79310747                   /homes/users/cs/students/2011/jharerimana/.eclipse/org.eclipse.platform_3.7.0_1473617060/configuration/org.eclipse.osgi/bundles/154/1/.cp/libswt-webkit-gtk-3735.so
7f8deeccd000-7f8deeecd000 ---p 00008000 00:16 79310747                   /homes/users/cs/students/2011/jharerimana/.eclipse/org.eclipse.platform_3.7.0_1473617060/configuration/org.eclipse.osgi/bundles/154/1/.cp/libswt-webkit-gtk-3735.so
7f8deeecd000-7f8deeece000 rw-p 00008000 00:16 79310747                   /homes/users/cs/students/2011/jharerimana/.eclipse/org.eclipse.platform_3.7.0_1473617060/configuration/org.eclipse.osgi/bundles/154/1/.cp/libswt-webkit-gtk-3735.so
7f8deefcf000-7f8deefd2000 ---p 00000000 00:00 0 
7f8deefd2000-7f8def0d0000 rw-p 00000000 00:00 0 
7f8def0d0000-7f8def105000 r--s 00000000 08:01 136969                     /var/cache/nscd/group
7f8def105000-7f8def108000 ---p 00000000 00:00 0 
7f8def108000-7f8def206000 rw-p 00000000 00:00 0 
7f8def206000-7f8def209000 ---p 00000000 00:00 0 
7f8def209000-7f8def307000 rw-p 00000000 00:00 0 
7f8def307000-7f8def30a000 ---p 00000000 00:00 0 
7f8def30a000-7f8def408000 rw-p 00000000 00:00 0 
7f8def408000-7f8def40b000 ---p 00000000 00:00 0 
7f8def40b000-7f8def509000 rw-p 00000000 00:00 0 
7f8def509000-7f8def569000 rw-s 00000000 00:04 2228282                    /SYSV00000000 (deleted)
7f8def569000-7f8def56b000 r-xp 00000000 08:01 2625332                    /lib/x86_64-linux-gnu/libutil-2.13.so
7f8def56b000-7f8def76a000 ---p 00002000 08:01 2625332                    /lib/x86_64-linux-gnu/libutil-2.13.so
7f8def76a000-7f8def76b000 r--p 00001000 08:01 2625332                    /lib/x86_64-linux-gnu/libutil-2.13.so
7f8def76b000-7f8def76c000 rw-p 00002000 08:01 2625332                    /lib/x86_64-linux-gnu/libutil-2.13.so
7f8def76c000-7f8def779000 r-xp 00000000 08:01 2625331                    /lib/x86_64-linux-gnu/libudev.so.0.11.1
7f8def779000-7f8def978000 ---p 0000d000 08:01 2625331                    /lib/x86_64-linux-gnu/libudev.so.0.11.1
7f8def978000-7f8def979000 r--p 0000c000 08:01 2625331                    /lib/x86_64-linux-gnu/libudev.so.0.11.1
7f8def979000-7f8def97a000 rw-p 0000d000 08:01 2625331                    /lib/x86_64-linux-gnu/libudev.so.0.11.1
7f8def97a000-7f8def991000 r-xp 00000000 08:01 659433                     /usr/lib/libgvfscommon.so.0.0.0
7f8def991000-7f8defb90000 ---p 00017000 08:01 659433                     /usr/lib/libgvfscommon.so.0.0.0
7f8defb90000-7f8defb91000 r--p 00016000 08:01 659433                     /usr/lib/libgvfscommon.so.0.0.0
7f8defb91000-7f8defb92000 rw-p 00017000 08:01 659433                     /usr/lib/libgvfscommon.so.0.0.0
7f8defb92000-7f8defbbb000 r-xp 00000000 08:01 661161                     /usr/lib/gio/modules/libgvfsdbus.so
7f8defbbb000-7f8defdba000 ---p 00029000 08:01 661161                     /usr/lib/gio/modules/libgvfsdbus.so
7f8defdba000-7f8defdbb000 r--p 00028000 08:01 661161                     /usr/lib/gio/modules/libgvfsdbus.so
7f8defdbb000-7f8defdbc000 rw-p 00029000 08:01 661161                     /usr/lib/gio/modules/libgvfsdbus.so
7f8defdbc000-7f8defdfe000 r-xp 00000000 08:01 2625263                    /lib/x86_64-linux-gnu/libdbus-1.so.3.5.4
7f8defdfe000-7f8defffe000 ---p 00042000 08:01 2625263                    /lib/x86_64-linux-gnu/libdbus-1.so.3.5.4
7f8defffe000-7f8deffff000 r--p 00042000 08:01 2625263                    /lib/x86_64-linux-gnu/libdbus-1.so.3.5.4
7f8deffff000-7f8df0000000 rw-p 00043000 08:01 2625263                    /lib/x86_64-linux-gnu/libdbus-1.so.3.5.4
7f8df0000000-7f8df3ffd000 rw-p 00000000 00:00 0 
7f8df3ffd000-7f8df4000000 ---p 00000000 00:00 0 
7f8df4014000-7f8df4015000 rw-p 00000000 00:00 0 
7f8df402f000-7f8df403b000 r-xp 00000000 00:16 79310537                   /homes/users/cs/students/2011/jharerimana/.eclipse/org.eclipse.platform_3.7.0_1473617060/configuration/org.eclipse.osgi/bundles/154/1/.cp/libswt-cairo-gtk-3735.so
7f8df403b000-7f8df413b000 ---p 0000c000 00:16 79310537                   /homes/users/cs/students/2011/jharerimana/.eclipse/org.eclipse.platform_3.7.0_1473617060/configuration/org.eclipse.osgi/bundles/154/1/.cp/libswt-cairo-gtk-3735.so
7f8df413b000-7f8df413c000 rw-p 0000c000 00:16 79310537                   /homes/users/cs/students/2011/jharerimana/.eclipse/org.eclipse.platform_3.7.0_1473617060/configuration/org.eclipse.osgi/bundles/154/1/.cp/libswt-cairo-gtk-3735.so
7f8df413c000-7f8df417e000 r-xp 00000000 08:01 659449                     /usr/lib/libibus.so.2.0.0
7f8df417e000-7f8df437e000 ---p 00042000 08:01 659449                     /usr/lib/libibus.so.2.0.0
7f8df437e000-7f8df437f000 r--p 00042000 08:01 659449                     /usr/lib/libibus.so.2.0.0
7f8df437f000-7f8df4380000 rw-p 00043000 08:01 659449                     /usr/lib/libibus.so.2.0.0
7f8df4380000-7f8df4381000 rw-p 00000000 00:00 0 
7f8df4381000-7f8df4386000 r-xp 00000000 08:01 661639                     /usr/lib/gtk-2.0/2.10.0/immodules/im-ibus.so
7f8df4386000-7f8df4585000 ---p 00005000 08:01 661639                     /usr/lib/gtk-2.0/2.10.0/immodules/im-ibus.so
7f8df4585000-7f8df4586000 r--p 00004000 08:01 661639                     /usr/lib/gtk-2.0/2.10.0/immodules/im-ibus.so
7f8df4586000-7f8df4587000 rw-p 00005000 08:01 661639                     /usr/lib/gtk-2.0/2.10.0/immodules/im-ibus.so
7f8df4595000-7f8df45a0000 r--p 00000000 08:01 1322242                    /usr/share/icons/Humanity-Dark/icon-theme.cache
7f8df45a0000-7f8df45ab000 r--p 00000000 08:01 1322355                    /usr/share/icons/ubuntu-mono-dark/icon-theme.cache
7f8df45bb000-7f8df45be000 ---p 00000000 00:00 0 
7f8df45be000-7f8df46bc000 rw-p 00000000 00:00 0 
7f8df46d1000-7f8df46d4000 ---p 00000000 00:00 0 
7f8df46d4000-7f8df47d2000 rw-p 00000000 00:00 0 
7f8df47d2000-7f8df4809000 r--p 00000000 08:01 1584418                    /usr/share/fonts/truetype/ttf-dejavu/DejaVuSansMono-BoldOblique.ttf
7f8df488c000-7f8df48e5000 r--p 00000000 08:01 1574244                    /usr/share/fonts/truetype/ubuntu-font-family/Ubuntu-BI.ttf
7f8df48e5000-7f8df48e8000 ---p 00000000 00:00 0 
7f8df48e8000-7f8df49e6000 rw-p 00000000 00:00 0 
7f8df49e6000-7f8df49e9000 ---p 00000000 00:00 0 
7f8df49e9000-7f8df4ae7000 rw-p 00000000 00:00 0 
7f8df4af1000-7f8df4af9000 rw-p 00000000 00:00 0 
7f8df4b00000-7f8df4b4f000 r--p 00000000 08:01 1574205                    /usr/share/fonts/truetype/ttf-dejavu/DejaVuSansMono.ttf
7f8df4b4f000-7f8df4ba2000 r--p 00000000 08:01 1574243                    /usr/share/fonts/truetype/ubuntu-font-family/Ubuntu-B.ttf
7f8df4ba2000-7f8df4ba5000 ---p 00000000 00:00 0 
7f8df4ba5000-7f8df4ca3000 rw-p 00000000 00:00 0 
7f8df4ca3000-7f8df4cae000 r-xp 00000000 00:16 79310461                   /homes/users/cs/students/2011/jharerimana/.eclipse/org.eclipse.platform_3.7.0_1473617060/configuration/org.eclipse.osgi/bundles/154/1/.cp/libswt-atk-gtk-3735.so
7f8df4cae000-7f8df4dae000 ---p 0000b000 00:16 79310461                   /homes/users/cs/students/2011/jharerimana/.eclipse/org.eclipse.platform_3.7.0_1473617060/configuration/org.eclipse.osgi/bundles/154/1/.cp/libswt-atk-gtk-3735.so
7f8df4dae000-7f8df4daf000 rw-p 0000b000 00:16 79310461                   /homes/users/cs/students/2011/jharerimana/.eclipse/org.eclipse.platform_3.7.0_1473617060/configuration/org.eclipse.osgi/bundles/154/1/.cp/libswt-atk-gtk-3735.so
7f8df4daf000-7f8df4db2000 ---p 00000000 00:00 0 
7f8df4db2000-7f8df4eb0000 rw-p 00000000 00:00 0 
7f8df4eb0000-7f8df4eb2000 r-xp 00000000 00:16 79310889                   /homes/users/cs/students/2011/jharerimana/.eclipse/org.eclipse.platform_3.7.0_1473617060/configuration/org.eclipse.osgi/bundles/31/1/.cp/os/linux/x86_64/libunixfile_1_0_0.so
7f8df4eb2000-7f8df4fb1000 ---p 00002000 00:16 79310889                   /homes/users/cs/students/2011/jharerimana/.eclipse/org.eclipse.platform_3.7.0_1473617060/configuration/org.eclipse.osgi/bundles/31/1/.cp/os/linux/x86_64/libunixfile_1_0_0.so
7f8df4fb1000-7f8df4fb2000 rw-p 00001000 00:16 79310889                   /homes/users/cs/students/2011/jharerimana/.eclipse/org.eclipse.platform_3.7.0_1473617060/configuration/org.eclipse.osgi/bundles/31/1/.cp/os/linux/x86_64/libunixfile_1_0_0.so
7f8df4fbd000-7f8df4fc1000 r-xp 00000000 08:01 661043                     /usr/lib/gdk-pixbuf-2.0/2.10.0/loaders/libpixbufloader-png.so
7f8df4fc1000-7f8df51c1000 ---p 00004000 08:01 661043                     /usr/lib/gdk-pixbuf-2.0/2.10.0/loaders/libpixbufloader-png.so
7f8df51c1000-7f8df51c2000 r--p 00004000 08:01 661043                     /usr/lib/gdk-pixbuf-2.0/2.10.0/loaders/libpixbufloader-png.so
7f8df51c2000-7f8df51c3000 rw-p 00005000 08:01 661043                     /usr/lib/gdk-pixbuf-2.0/2.10.0/loaders/libpixbufloader-png.so
7f8df51c3000-7f8df51c9000 r-xp 00000000 08:01 661037                     /usr/lib/gdk-pixbuf-2.0/2.10.0/loaders/libpixbufloader-gif.so
7f8df51c9000-7f8df53c8000 ---p 00006000 08:01 661037                     /usr/lib/gdk-pixbuf-2.0/2.10.0/loaders/libpixbufloader-gif.so
7f8df53c8000-7f8df53c9000 r--p 00005000 08:01 661037                     /usr/lib/gdk-pixbuf-2.0/2.10.0/loaders/libpixbufloader-gif.so
7f8df53c9000-7f8df53ca000 rw-p 00006000 08:01 661037                     /usr/lib/gdk-pixbuf-2.0/2.10.0/loaders/libpixbufloader-gif.so
7f8df53f0000-7f8df543a000 r--p 00000000 08:01 1574204                    /usr/share/fonts/truetype/ttf-dejavu/DejaVuSansMono-Bold.ttf
7f8df5472000-7f8df5474000 r-xp 00000000 08:01 1051515                    /usr/lib/x86_64-linux-gnu/pango/1.6.0/modules/pango-basic-fc.so
7f8df5474000-7f8df5673000 ---p 00002000 08:01 1051515                    /usr/lib/x86_64-linux-gnu/pango/1.6.0/modules/pango-basic-fc.so
7f8df5673000-7f8df5674000 r--p 00001000 08:01 1051515                    /usr/lib/x86_64-linux-gnu/pango/1.6.0/modules/pango-basic-fc.so
7f8df5674000-7f8df5675000 rw-p 00002000 08:01 1051515                    /usr/lib/x86_64-linux-gnu/pango/1.6.0/modules/pango-basic-fc.so
7f8df5675000-7f8df567e000 r--s 00000000 08:01 131151                     /var/cache/fontconfig/945677eb7aeaf62f1d50efc3fb3ec7d8-le64.cache-3
7f8df567e000-7f8df5684000 r--s 00000000 08:01 131153                     /var/cache/fontconfig/a755afe4a08bf5b97852ceb7400b47bc-le64.cache-3
7f8df5684000-7f8df568d000 r--s 00000000 08:01 139128                     /var/cache/fontconfig/6d41288fd70b0be22e8c3a91e032eec0-le64.cache-3
7f8df568d000-7f8df569d000 r--s 00000000 08:01 131137                     /var/cache/fontconfig/0f34bcd4b6ee430af32735b75db7f02b-le64.cache-3
7f8df569d000-7f8df56b0000 r--s 00000000 08:01 133659                     /var/cache/fontconfig/e13b20fdb08344e0e664864cc2ede53d-le64.cache-3
7f8df56b0000-7f8df56b5000 r-xp 00000000 08:01 659023                     /usr/lib/libXtst.so.6.1.0
7f8df56b5000-7f8df58b4000 ---p 00005000 08:01 659023                     /usr/lib/libXtst.so.6.1.0
7f8df58b4000-7f8df58b5000 r--p 00004000 08:01 659023                     /usr/lib/libXtst.so.6.1.0
7f8df58b5000-7f8df58b6000 rw-p 00005000 08:01 659023                     /usr/lib/libXtst.so.6.1.0
7f8df58b6000-7f8df58b8000 r--s 00000000 08:01 131152                     /var/cache/fontconfig/99e8ed0e538f840c565b6ed5dad60d56-le64.cache-3
7f8df58b8000-7f8df58bb000 r--s 00000000 08:01 132198                     /var/cache/fontconfig/b5ea634b0fb353b8ea17632d1f9ef766-le64.cache-3
7f8df58bb000-7f8df58bf000 r--s 00000000 08:01 131148                     /var/cache/fontconfig/6eb3985aa4124903f6ff08ba781cd364-le64.cache-3
7f8df58bf000-7f8df58c3000 r--s 00000000 08:01 139116                     /var/cache/fontconfig/7ef2298fde41cc6eeb7af42e48b7d293-le64.cache-3
7f8df58c3000-7f8df58d7000 r--s 00000000 08:01 138854                     /var/cache/fontconfig/865f88548240fee46819705c6468c165-le64.cache-3
7f8df58d7000-7f8df594b000 r-xp 00000000 00:16 79310451                   /homes/users/cs/students/2011/jharerimana/.eclipse/org.eclipse.platform_3.7.0_1473617060/configuration/org.eclipse.osgi/bundles/154/1/.cp/libswt-pi-gtk-3735.so
7f8df594b000-7f8df5a4a000 ---p 00074000 00:16 79310451                   /homes/users/cs/students/2011/jharerimana/.eclipse/org.eclipse.platform_3.7.0_1473617060/configuration/org.eclipse.osgi/bundles/154/1/.cp/libswt-pi-gtk-3735.so
7f8df5a4a000-7f8df5a4d000 rw-p 00073000 00:16 79310451                   /homes/users/cs/students/2011/jharerimana/.eclipse/org.eclipse.platform_3.7.0_1473617060/configuration/org.eclipse.osgi/bundles/154/1/.cp/libswt-pi-gtk-3735.so
7f8df5a4d000-7f8df5a4f000 rw-p 00000000 00:00 0 
7f8df5a4f000-7f8df5acd000 r-xp 00000000 00:16 79310450                   /homes/users/cs/students/2011/jharerimana/.eclipse/org.eclipse.platform_3.7.0_1473617060/configuration/org.eclipse.osgi/bundles/154/1/.cp/libswt-gtk-3735.so
7f8df5acd000-7f8df5bcc000 ---p 0007e000 00:16 79310450                   /homes/users/cs/students/2011/jharerimana/.eclipse/org.eclipse.platform_3.7.0_1473617060/configuration/org.eclipse.osgi/bundles/154/1/.cp/libswt-gtk-3735.so
7f8df5bcc000-7f8df5bd3000 rw-p 0007d000 00:16 79310450                   /homes/users/cs/students/2011/jharerimana/.eclipse/org.eclipse.platform_3.7.0_1473617060/configuration/org.eclipse.osgi/bundles/154/1/.cp/libswt-gtk-3735.so
7f8df5bd3000-7f8df5bd6000 rw-p 00000000 00:00 0 
7f8df5c1b000-7f8df5c1e000 ---p 00000000 00:00 0 
7f8df5c1e000-7f8df5d1c000 rw-p 00000000 00:00 0 
7f8df5d1c000-7f8df5d1f000 ---p 00000000 00:00 0 
7f8df5d1f000-7f8df5e1d000 rw-p 00000000 00:00 0 
7f8df5e1d000-7f8df5e20000 ---p 00000000 00:00 0 
7f8df5e20000-7f8df5f1e000 rw-p 00000000 00:00 0 
7f8df5f1e000-7f8df5f21000 ---p 00000000 00:00 0 
7f8df5f21000-7f8df601f000 rw-p 00000000 00:00 0 
7f8df601f000-7f8df6022000 r--s 00000000 08:01 131162                     /var/cache/fontconfig/e383d7ea5fbe662a33d9b44caf393297-le64.cache-3
7f8df6104000-7f8df6107000 ---p 00000000 00:00 0 
7f8df6107000-7f8df6205000 rw-p 00000000 00:00 0 
7f8df625b000-7f8df6275000 r--s 00000000 08:01 1052377                    /usr/share/mime/mime.cache
7f8df6313000-7f8df6323000 rw-p 00000000 00:00 0 
7f8df636f000-7f8df6371000 r--s 00000000 08:01 131139                     /var/cache/fontconfig/2cd17615ca594fa2959ae173292e504c-le64.cache-3
7f8df6372000-7f8df637a000 rw-p 00000000 00:00 0 
7f8df637a000-7f8df637d000 ---p 00000000 00:00 0 
7f8df637d000-7f8df647b000 rw-p 00000000 00:00 0 
7f8df6493000-7f8df6494000 r--s 00000000 08:01 131154                     /var/cache/fontconfig/c05880de57d1f5e948fdfacc138775d9-le64.cache-3
7f8df6494000-7f8df6495000 r--s 00000000 08:01 131163                     /var/cache/fontconfig/e7071f4a29fa870f4323321c154eba04-le64.cache-3
7f8df6495000-7f8df6496000 r--s 00000000 08:01 131143                     /var/cache/fontconfig/4c73fe0c47614734b17d736dbde7580a-le64.cache-3
7f8df6496000-7f8df6497000 r--s 00000000 08:01 131136                     /var/cache/fontconfig/0d8c3b2ac0904cb8a57a757ad11a4a08-le64.cache-3
7f8df64b7000-7f8df64b8000 r--s 00000000 08:01 131146                     /var/cache/fontconfig/6a53c69dea097a2d716e069445527da8-le64.cache-3
7f8df650a000-7f8df650d000 rw-s 00000000 00:04 2129974                    /SYSV00000000 (deleted)
7f8df6537000-7f8df653a000 r--s 00000000 08:01 131159                     /var/cache/fontconfig/d60319d88cac85ba9e1a07bd06cfbb8c-le64.cache-3
7f8df653a000-7f8df6544000 r--s 00000000 08:01 131158                     /var/cache/fontconfig/d52a8644073d54c13679302ca1180695-le64.cache-3
7f8df658e000-7f8df6596000 rw-p 00000000 00:00 0 
7f8df65ae000-7f8df65b6000 rw-p 00000000 00:00 0 
7f8df65b6000-7f8df65be000 r--s 00000000 00:16 76550605                   /homes/users/cs/students/2011/jharerimana/.local/share/gvfs-metadata/.nfs00000000049011cd0000001c
7f8df65e0000-7f8df65e1000 rw-p 00000000 00:00 0 
7f8df65e1000-7f8df65e2000 r--p 00000000 00:00 0 
7f8df660c000-7f8df660f000 ---p 00000000 00:00 0 
7f8df660f000-7f8df670d000 rw-p 00000000 00:00 0 
7f8df670d000-7f8df6719000 r-xp 00000000 08:01 2625300                    /lib/x86_64-linux-gnu/libnss_files-2.13.so
7f8df6719000-7f8df6918000 ---p 0000c000 08:01 2625300                    /lib/x86_64-linux-gnu/libnss_files-2.13.so
7f8df6918000-7f8df6919000 r--p 0000b000 08:01 2625300                    /lib/x86_64-linux-gnu/libnss_files-2.13.so
7f8df6919000-7f8df691a000 rw-p 0000c000 08:01 2625300                    /lib/x86_64-linux-gnu/libnss_files-2.13.so
7f8df691a000-7f8df6922000 r-xp 00000000 08:01 658336                     /usr/lib/jvm/java-6-openjdk/jre/lib/amd64/libnio.so
7f8df6922000-7f8df6b21000 ---p 00008000 08:01 658336                     /usr/lib/jvm/java-6-openjdk/jre/lib/amd64/libnio.so
7f8df6b21000-7f8df6b22000 r--p 00007000 08:01 658336                     /usr/lib/jvm/java-6-openjdk/jre/lib/amd64/libnio.so
7f8df6b22000-7f8df6b23000 rw-p 00008000 08:01 658336                     /usr/lib/jvm/java-6-openjdk/jre/lib/amd64/libnio.so
7f8df6b23000-7f8df6b38000 r-xp 00000000 08:01 658344                     /usr/lib/jvm/java-6-openjdk/jre/lib/amd64/libnet.so
7f8df6b38000-7f8df6d37000 ---p 00015000 08:01 658344                     /usr/lib/jvm/java-6-openjdk/jre/lib/amd64/libnet.so
7f8df6d37000-7f8df6d38000 r--p 00014000 08:01 658344                     /usr/lib/jvm/java-6-openjdk/jre/lib/amd64/libnet.so
7f8df6d38000-7f8df6d39000 rw-p 00015000 08:01 658344                     /usr/lib/jvm/java-6-openjdk/jre/lib/amd64/libnet.so
7f8df6d39000-7f8df6d4d000 r--s 00139000 08:01 3671143                    /opt/eclipse/plugins/org.eclipse.osgi_3.7.0.v20110613.jar
7f8df6d4d000-7f8df6dad000 rw-s 00000000 00:04 2097202                    /SYSV00000000 (deleted)
7f8df6dad000-7f8df6e10000 rw-p 00000000 00:00 0 
7f8df6e10000-7f8df6e13000 r-xp 00000000 08:01 661036                     /usr/lib/gdk-pixbuf-2.0/2.10.0/loaders/libpixbufloader-bmp.so
7f8df6e13000-7f8df7013000 ---p 00003000 08:01 661036                     /usr/lib/gdk-pixbuf-2.0/2.10.0/loaders/libpixbufloader-bmp.so
7f8df7013000-7f8df7014000 r--p 00003000 08:01 661036                     /usr/lib/gdk-pixbuf-2.0/2.10.0/loaders/libpixbufloader-bmp.so
7f8df7014000-7f8df7015000 rw-p 00004000 08:01 661036                     /usr/lib/gdk-pixbuf-2.0/2.10.0/loaders/libpixbufloader-bmp.so
7f8df7015000-7f8df701e000 r-xp 00000000 08:01 661632                     /usr/lib/gtk-2.0/2.10.0/engines/libpixmap.so
7f8df701e000-7f8df721e000 ---p 00009000 08:01 661632                     /usr/lib/gtk-2.0/2.10.0/engines/libpixmap.so
7f8df721e000-7f8df721f000 r--p 00009000 08:01 661632                     /usr/lib/gtk-2.0/2.10.0/engines/libpixmap.so
7f8df721f000-7f8df7220000 rw-p 0000a000 08:01 661632                     /usr/lib/gtk-2.0/2.10.0/engines/libpixmap.so
7f8df7220000-7f8df724f000 r-xp 00000000 08:01 661631                     /usr/lib/gtk-2.0/2.10.0/engines/libmurrine.so
7f8df724f000-7f8df744f000 ---p 0002f000 08:01 661631                     /usr/lib/gtk-2.0/2.10.0/engines/libmurrine.so
7f8df744f000-7f8df7450000 r--p 0002f000 08:01 661631                     /usr/lib/gtk-2.0/2.10.0/engines/libmurrine.so
7f8df7450000-7f8df7451000 rw-p 00030000 08:01 661631                     /usr/lib/gtk-2.0/2.10.0/engines/libmurrine.so
7f8df7451000-7f8df7457000 r-xp 00000000 08:01 659602                     /usr/lib/libogg.so.0.7.0
7f8df7457000-7f8df7656000 ---p 00006000 08:01 659602                     /usr/lib/libogg.so.0.7.0
7f8df7656000-7f8df7657000 r--p 00005000 08:01 659602                     /usr/lib/libogg.so.0.7.0
7f8df7657000-7f8df7658000 rw-p 00006000 08:01 659602                     /usr/lib/libogg.so.0.7.0
7f8df7658000-7f8df7683000 r-xp 00000000 08:01 659834                     /usr/lib/libvorbis.so.0.4.5
7f8df7683000-7f8df7882000 ---p 0002b000 08:01 659834                     /usr/lib/libvorbis.so.0.4.5
7f8df7882000-7f8df7883000 r--p 0002a000 08:01 659834                     /usr/lib/libvorbis.so.0.4.5
7f8df7883000-7f8df7884000 rw-p 0002b000 08:01 659834                     /usr/lib/libvorbis.so.0.4.5
7f8df7884000-7f8df788c000 r-xp 00000000 08:01 659523                     /usr/lib/libltdl.so.7.2.1
7f8df788c000-7f8df7a8c000 ---p 00008000 08:01 659523                     /usr/lib/libltdl.so.7.2.1
7f8df7a8c000-7f8df7a8d000 r--p 00008000 08:01 659523                     /usr/lib/libltdl.so.7.2.1
7f8df7a8d000-7f8df7a8e000 rw-p 00009000 08:01 659523                     /usr/lib/libltdl.so.7.2.1
7f8df7a8e000-7f8df7a9e000 r-xp 00000000 08:01 659772                     /usr/lib/libtdb.so.1.2.9
7f8df7a9e000-7f8df7c9d000 ---p 00010000 08:01 659772                     /usr/lib/libtdb.so.1.2.9
7f8df7c9d000-7f8df7c9e000 r--p 0000f000 08:01 659772                     /usr/lib/libtdb.so.1.2.9
7f8df7c9e000-7f8df7c9f000 rw-p 00010000 08:01 659772                     /usr/lib/libtdb.so.1.2.9
7f8df7c9f000-7f8df7ca6000 r-xp 00000000 08:01 659838                     /usr/lib/libvorbisfile.so.3.3.4
7f8df7ca6000-7f8df7ea5000 ---p 00007000 08:01 659838                     /usr/lib/libvorbisfile.so.3.3.4
7f8df7ea5000-7f8df7ea6000 r--p 00006000 08:01 659838                     /usr/lib/libvorbisfile.so.3.3.4
7f8df7ea6000-7f8df7ea7000 rw-p 00007000 08:01 659838                     /usr/lib/libvorbisfile.so.3.3.4
7f8df7ea7000-7f8df7eb6000 r-xp 00000000 08:01 659097                     /usr/lib/libcanberra.so.0.2.5
7f8df7eb6000-7f8df80b5000 ---p 0000f000 08:01 659097                     /usr/lib/libcanberra.so.0.2.5
7f8df80b5000-7f8df80b6000 r--p 0000e000 08:01 659097                     /usr/lib/libcanberra.so.0.2.5
7f8df80b6000-7f8df80b7000 rw-p 0000f000 08:01 659097                     /usr/lib/libcanberra.so.0.2.5
7f8df80b7000-7f8df80bb000 r-xp 00000000 08:01 659095                     /usr/lib/libcanberra-gtk.so.0.1.8
7f8df80bb000-7f8df82ba000 ---p 00004000 08:01 659095                     /usr/lib/libcanberra-gtk.so.0.1.8
7f8df82ba000-7f8df82bb000 r--p 00003000 08:01 659095                     /usr/lib/libcanberra-gtk.so.0.1.8
7f8df82bb000-7f8df82bc000 rw-p 00004000 08:01 659095                     /usr/lib/libcanberra-gtk.so.0.1.8
7f8df82bc000-7f8df82c1000 r-xp 00000000 08:01 661654                     /usr/lib/gtk-2.0/modules/libcanberra-gtk-module.so
7f8df82c1000-7f8df84c0000 ---p 00005000 08:01 661654                     /usr/lib/gtk-2.0/modules/libcanberra-gtk-module.so
7f8df84c0000-7f8df84c1000 r--p 00004000 08:01 661654                     /usr/lib/gtk-2.0/modules/libcanberra-gtk-module.so
7f8df84c1000-7f8df84c2000 rw-p 00005000 08:01 661654                     /usr/lib/gtk-2.0/modules/libcanberra-gtk-module.so
7f8df84c2000-7f8df84cc000 r-xp 00000000 08:01 659593                     /usr/lib/liboverlay-scrollbar-0.1.so.0.0.12
7f8df84cc000-7f8df86cb000 ---p 0000a000 08:01 659593                     /usr/lib/liboverlay-scrollbar-0.1.so.0.0.12
7f8df86cb000-7f8df86cc000 r--p 00009000 08:01 659593                     /usr/lib/liboverlay-scrollbar-0.1.so.0.0.12
7f8df86cc000-7f8df86cd000 rw-p 0000a000 08:01 659593                     /usr/lib/liboverlay-scrollbar-0.1.so.0.0.12
7f8df86cd000-7f8df86eb000 r-xp 00000000 08:01 664086                     /usr/lib/x86_64-linux-gnu/libatk-1.0.so.0.9.1
7f8df86eb000-7f8df88eb000 ---p 0001e000 08:01 664086                     /usr/lib/x86_64-linux-gnu/libatk-1.0.so.0.9.1
7f8df88eb000-7f8df88ed000 r--p 0001e000 08:01 664086                     /usr/lib/x86_64-linux-gnu/libatk-1.0.so.0.9.1
7f8df88ed000-7f8df88ee000 rw-p 00020000 08:01 664086                     /usr/lib/x86_64-linux-gnu/libatk-1.0.so.0.9.1
7f8df88ee000-7f8df8d24000 r-xp 00000000 08:01 659392                     /usr/lib/libgtk-x11-2.0.so.0.2400.4
7f8df8d24000-7f8df8f24000 ---p 00436000 08:01 659392                     /usr/lib/libgtk-x11-2.0.so.0.2400.4
7f8df8f24000-7f8df8f2b000 r--p 00436000 08:01 659392                     /usr/lib/libgtk-x11-2.0.so.0.2400.4
7f8df8f2b000-7f8df8f2f000 rw-p 0043d000 08:01 659392                     /usr/lib/libgtk-x11-2.0.so.0.2400.4
7f8df8f2f000-7f8df8f31000 rw-p 00000000 00:00 0 
7f8df8f31000-7f8df8f36000 r-xp 00000000 08:01 664064                     /usr/lib/x86_64-linux-gnu/libXdmcp.so.6.0.0
7f8df8f36000-7f8df9135000 ---p 00005000 08:01 664064                     /usr/lib/x86_64-linux-gnu/libXdmcp.so.6.0.0
7f8df9135000-7f8df9136000 r--p 00004000 08:01 664064                     /usr/lib/x86_64-linux-gnu/libXdmcp.so.6.0.0
7f8df9136000-7f8df9137000 rw-p 00005000 08:01 664064                     /usr/lib/x86_64-linux-gnu/libXdmcp.so.6.0.0
7f8df9137000-7f8df9139000 r-xp 00000000 08:01 664056                     /usr/lib/x86_64-linux-gnu/libXau.so.6.0.0
7f8df9139000-7f8df9338000 ---p 00002000 08:01 664056                     /usr/lib/x86_64-linux-gnu/libXau.so.6.0.0
7f8df9338000-7f8df9339000 r--p 00001000 08:01 664056                     /usr/lib/x86_64-linux-gnu/libXau.so.6.0.0
7f8df9339000-7f8df933a000 rw-p 00002000 08:01 664056                     /usr/lib/x86_64-linux-gnu/libXau.so.6.0.0
7f8df933a000-7f8df9355000 r-xp 00000000 08:01 664204                     /usr/lib/x86_64-linux-gnu/libxcb.so.1.1.0
7f8df9355000-7f8df9554000 ---p 0001b000 08:01 664204                     /usr/lib/x86_64-linux-gnu/libxcb.so.1.1.0
7f8df9554000-7f8df9555000 r--p 0001a000 08:01 664204                     /usr/lib/x86_64-linux-gnu/libxcb.so.1.1.0
7f8df9555000-7f8df9556000 rw-p 0001b000 08:01 664204                     /usr/lib/x86_64-linux-gnu/libxcb.so.1.1.0
7f8df9556000-7f8df955d000 r-xp 00000000 08:01 664198                     /usr/lib/x86_64-linux-gnu/libxcb-render.so.0.0.0
7f8df955d000-7f8df975d000 ---p 00007000 08:01 664198                     /usr/lib/x86_64-linux-gnu/libxcb-render.so.0.0.0
7f8df975d000-7f8df975e000 r--p 00007000 08:01 664198                     /usr/lib/x86_64-linux-gnu/libxcb-render.so.0.0.0
7f8df975e000-7f8df975f000 rw-p 00008000 08:01 664198                     /usr/lib/x86_64-linux-gnu/libxcb-render.so.0.0.0
7f8df975f000-7f8df9761000 r-xp 00000000 08:01 664202                     /usr/lib/x86_64-linux-gnu/libxcb-shm.so.0.0.0
7f8df9761000-7f8df9960000 ---p 00002000 08:01 664202                     /usr/lib/x86_64-linux-gnu/libxcb-shm.so.0.0.0
7f8df9960000-7f8df9961000 r--p 00001000 08:01 664202                     /usr/lib/x86_64-linux-gnu/libxcb-shm.so.0.0.0
7f8df9961000-7f8df9962000 rw-p 00002000 08:01 664202                     /usr/lib/x86_64-linux-gnu/libxcb-shm.so.0.0.0
7f8df9962000-7f8df9988000 r-xp 00000000 08:01 2625318                    /lib/x86_64-linux-gnu/libpng12.so.0.44.0
7f8df9988000-7f8df9b87000 ---p 00026000 08:01 2625318                    /lib/x86_64-linux-gnu/libpng12.so.0.44.0
7f8df9b87000-7f8df9b88000 r--p 00025000 08:01 2625318                    /lib/x86_64-linux-gnu/libpng12.so.0.44.0
7f8df9b88000-7f8df9b89000 rw-p 00026000 08:01 2625318                    /lib/x86_64-linux-gnu/libpng12.so.0.44.0
7f8df9b89000-7f8df9bf1000 r-xp 00000000 08:01 659639                     /usr/lib/libpixman-1.so.0.20.2
7f8df9bf1000-7f8df9df1000 ---p 00068000 08:01 659639                     /usr/lib/libpixman-1.so.0.20.2
7f8df9df1000-7f8df9df6000 r--p 00068000 08:01 659639                     /usr/lib/libpixman-1.so.0.20.2
7f8df9df6000-7f8df9df7000 rw-p 0006d000 08:01 659639                     /usr/lib/libpixman-1.so.0.20.2
7f8df9df7000-7f8df9e1e000 r-xp 00000000 08:01 2625277                    /lib/x86_64-linux-gnu/libexpat.so.1.5.2
7f8df9e1e000-7f8dfa01e000 ---p 00027000 08:01 2625277                    /lib/x86_64-linux-gnu/libexpat.so.1.5.2
7f8dfa01e000-7f8dfa020000 r--p 00027000 08:01 2625277                    /lib/x86_64-linux-gnu/libexpat.so.1.5.2
7f8dfa020000-7f8dfa021000 rw-p 00029000 08:01 2625277                    /lib/x86_64-linux-gnu/libexpat.so.1.5.2
7f8dfa021000-7f8dfa03d000 r-xp 00000000 08:01 2625325                    /lib/x86_64-linux-gnu/libselinux.so.1
7f8dfa03d000-7f8dfa23c000 ---p 0001c000 08:01 2625325                    /lib/x86_64-linux-gnu/libselinux.so.1
7f8dfa23c000-7f8dfa23d000 r--p 0001b000 08:01 2625325                    /lib/x86_64-linux-gnu/libselinux.so.1
7f8dfa23d000-7f8dfa23e000 rw-p 0001c000 08:01 2625325                    /lib/x86_64-linux-gnu/libselinux.so.1
7f8dfa23e000-7f8dfa23f000 rw-p 00000000 00:00 0 
7f8dfa23f000-7f8dfa256000 r-xp 00000000 08:01 2625321                    /lib/x86_64-linux-gnu/libresolv-2.13.so
7f8dfa256000-7f8dfa456000 ---p 00017000 08:01 2625321                    /lib/x86_64-linux-gnu/libresolv-2.13.so
7f8dfa456000-7f8dfa457000 r--p 00017000 08:01 2625321                    /lib/x86_64-linux-gnu/libresolv-2.13.so
7f8dfa457000-7f8dfa458000 rw-p 00018000 08:01 2625321                    /lib/x86_64-linux-gnu/libresolv-2.13.so
7f8dfa458000-7f8dfa45a000 rw-p 00000000 00:00 0 
7f8dfa45a000-7f8dfa4ed000 r-xp 00000000 08:01 659361                     /usr/lib/x86_64-linux-gnu/libfreetype.so.6.6.2
7f8dfa4ed000-7f8dfa6ec000 ---p 00093000 08:01 659361                     /usr/lib/x86_64-linux-gnu/libfreetype.so.6.6.2
7f8dfa6ec000-7f8dfa6f2000 r--p 00092000 08:01 659361                     /usr/lib/x86_64-linux-gnu/libfreetype.so.6.6.2
7f8dfa6f2000-7f8dfa6f3000 rw-p 00098000 08:01 659361                     /usr/lib/x86_64-linux-gnu/libfreetype.so.6.6.2
7f8dfa6f3000-7f8dfa71e000 r-xp 00000000 08:01 664169                     /usr/lib/x86_64-linux-gnu/libpangoft2-1.0.so.0.2800.4
7f8dfa71e000-7f8dfa91d000 ---p 0002b000 08:01 664169                     /usr/lib/x86_64-linux-gnu/libpangoft2-1.0.so.0.2800.4
7f8dfa91d000-7f8dfa91e000 r--p 0002a000 08:01 664169                     /usr/lib/x86_64-linux-gnu/libpangoft2-1.0.so.0.2800.4
7f8dfa91e000-7f8dfa91f000 rw-p 0002b000 08:01 664169                     /usr/lib/x86_64-linux-gnu/libpangoft2-1.0.so.0.2800.4
7f8dfa91f000-7f8dfaa54000 r-xp 00000000 08:01 664054                     /usr/lib/x86_64-linux-gnu/libX11.so.6.3.0
7f8dfaa54000-7f8dfac54000 ---p 00135000 08:01 664054                     /usr/lib/x86_64-linux-gnu/libX11.so.6.3.0
7f8dfac54000-7f8dfac55000 r--p 00135000 08:01 664054                     /usr/lib/x86_64-linux-gnu/libX11.so.6.3.0
7f8dfac55000-7f8dfac59000 rw-p 00136000 08:01 664054                     /usr/lib/x86_64-linux-gnu/libX11.so.6.3.0
7f8dfac59000-7f8dfad14000 r-xp 00000000 08:01 659087                     /usr/lib/libcairo.so.2.11000.2
7f8dfad14000-7f8dfaf14000 ---p 000bb000 08:01 659087                     /usr/lib/libcairo.so.2.11000.2
7f8dfaf14000-7f8dfaf16000 r--p 000bb000 08:01 659087                     /usr/lib/libcairo.so.2.11000.2
7f8dfaf16000-7f8dfaf17000 rw-p 000bd000 08:01 659087                     /usr/lib/libcairo.so.2.11000.2
7f8dfaf17000-7f8dfaf1a000 rw-p 00000000 00:00 0 
7f8dfaf1a000-7f8dfaf1f000 r-xp 00000000 08:01 664068                     /usr/lib/x86_64-linux-gnu/libXfixes.so.3.1.0
7f8dfaf1f000-7f8dfb11e000 ---p 00005000 08:01 664068                     /usr/lib/x86_64-linux-gnu/libXfixes.so.3.1.0
7f8dfb11e000-7f8dfb11f000 r--p 00004000 08:01 664068                     /usr/lib/x86_64-linux-gnu/libXfixes.so.3.1.0
7f8dfb11f000-7f8dfb120000 rw-p 00005000 08:01 664068                     /usr/lib/x86_64-linux-gnu/libXfixes.so.3.1.0
7f8dfb120000-7f8dfb122000 r-xp 00000000 08:01 664062                     /usr/lib/x86_64-linux-gnu/libXdamage.so.1.1.0
7f8dfb122000-7f8dfb321000 ---p 00002000 08:01 664062                     /usr/lib/x86_64-linux-gnu/libXdamage.so.1.1.0
7f8dfb321000-7f8dfb322000 r--p 00001000 08:01 664062                     /usr/lib/x86_64-linux-gnu/libXdamage.so.1.1.0
7f8dfb322000-7f8dfb323000 rw-p 00002000 08:01 664062                     /usr/lib/x86_64-linux-gnu/libXdamage.so.1.1.0
7f8dfb323000-7f8dfb325000 r-xp 00000000 08:01 664058                     /usr/lib/x86_64-linux-gnu/libXcomposite.so.1.0.0
7f8dfb325000-7f8dfb524000 ---p 00002000 08:01 664058                     /usr/lib/x86_64-linux-gnu/libXcomposite.so.1.0.0
7f8dfb524000-7f8dfb525000 r--p 00001000 08:01 664058                     /usr/lib/x86_64-linux-gnu/libXcomposite.so.1.0.0
7f8dfb525000-7f8dfb526000 rw-p 00002000 08:01 664058                     /usr/lib/x86_64-linux-gnu/libXcomposite.so.1.0.0
7f8dfb526000-7f8dfb52f000 r-xp 00000000 08:01 664060                     /usr/lib/x86_64-linux-gnu/libXcursor.so.1.0.2
7f8dfb52f000-7f8dfb72e000 ---p 00009000 08:01 664060                     /usr/lib/x86_64-linux-gnu/libXcursor.so.1.0.2
7f8dfb72e000-7f8dfb72f000 r--p 00008000 08:01 664060                     /usr/lib/x86_64-linux-gnu/libXcursor.so.1.0.2
7f8dfb72f000-7f8dfb730000 rw-p 00009000 08:01 664060                     /usr/lib/x86_64-linux-gnu/libXcursor.so.1.0.2
7f8dfb730000-7f8dfb738000 r-xp 00000000 08:01 664076                     /usr/lib/x86_64-linux-gnu/libXrandr.so.2.2.0
7f8dfb738000-7f8dfb937000 ---p 00008000 08:01 664076                     /usr/lib/x86_64-linux-gnu/libXrandr.so.2.2.0
7f8dfb937000-7f8dfb938000 r--p 00007000 08:01 664076                     /usr/lib/x86_64-linux-gnu/libXrandr.so.2.2.0
7f8dfb938000-7f8dfb939000 rw-p 00008000 08:01 664076                     /usr/lib/x86_64-linux-gnu/libXrandr.so.2.2.0
7f8dfb939000-7f8dfb948000 r-xp 00000000 08:01 664072                     /usr/lib/x86_64-linux-gnu/libXi.so.6.1.0
7f8dfb948000-7f8dfbb47000 ---p 0000f000 08:01 664072                     /usr/lib/x86_64-linux-gnu/libXi.so.6.1.0
7f8dfbb47000-7f8dfbb48000 r--p 0000e000 08:01 664072                     /usr/lib/x86_64-linux-gnu/libXi.so.6.1.0
7f8dfbb48000-7f8dfbb49000 rw-p 0000f000 08:01 664072                     /usr/lib/x86_64-linux-gnu/libXi.so.6.1.0
7f8dfbb49000-7f8dfbb4b000 r-xp 00000000 08:01 664074                     /usr/lib/x86_64-linux-gnu/libXinerama.so.1.0.0
7f8dfbb4b000-7f8dfbd4a000 ---p 00002000 08:01 664074                     /usr/lib/x86_64-linux-gnu/libXinerama.so.1.0.0
7f8dfbd4a000-7f8dfbd4b000 r--p 00001000 08:01 664074                     /usr/lib/x86_64-linux-gnu/libXinerama.so.1.0.0
7f8dfbd4b000-7f8dfbd4c000 rw-p 00002000 08:01 664074                     /usr/lib/x86_64-linux-gnu/libXinerama.so.1.0.0
7f8dfbd4c000-7f8dfbd55000 r-xp 00000000 08:01 664078                     /usr/lib/x86_64-linux-gnu/libXrender.so.1.3.0
7f8dfbd55000-7f8dfbf55000 ---p 00009000 08:01 664078                     /usr/lib/x86_64-linux-gnu/libXrender.so.1.3.0
7f8dfbf55000-7f8dfbf56000 r--p 00009000 08:01 664078                     /usr/lib/x86_64-linux-gnu/libXrender.so.1.3.0
7f8dfbf56000-7f8dfbf57000 rw-p 0000a000 08:01 664078                     /usr/lib/x86_64-linux-gnu/libXrender.so.1.3.0
7f8dfbf57000-7f8dfbf68000 r-xp 00000000 08:01 664066                     /usr/lib/x86_64-linux-gnu/libXext.so.6.4.0
7f8dfbf68000-7f8dfc167000 ---p 00011000 08:01 664066                     /usr/lib/x86_64-linux-gnu/libXext.so.6.4.0
7f8dfc167000-7f8dfc168000 r--p 00010000 08:01 664066                     /usr/lib/x86_64-linux-gnu/libXext.so.6.4.0
7f8dfc168000-7f8dfc169000 rw-p 00011000 08:01 664066                     /usr/lib/x86_64-linux-gnu/libXext.so.6.4.0
7f8dfc169000-7f8dfc19d000 r-xp 00000000 08:01 664112                     /usr/lib/x86_64-linux-gnu/libfontconfig.so.1.4.4
7f8dfc19d000-7f8dfc39d000 ---p 00034000 08:01 664112                     /usr/lib/x86_64-linux-gnu/libfontconfig.so.1.4.4
7f8dfc39d000-7f8dfc39e000 r--p 00034000 08:01 664112                     /usr/lib/x86_64-linux-gnu/libfontconfig.so.1.4.4
7f8dfc39e000-7f8dfc39f000 rw-p 00035000 08:01 664112                     /usr/lib/x86_64-linux-gnu/libfontconfig.so.1.4.4
7f8dfc39f000-7f8dfc3a2000 r-xp 00000000 08:01 664123                     /usr/lib/x86_64-linux-gnu/libgmodule-2.0.so.0.2800.6
7f8dfc3a2000-7f8dfc5a1000 ---p 00003000 08:01 664123                     /usr/lib/x86_64-linux-gnu/libgmodule-2.0.so.0.2800.6
7f8dfc5a1000-7f8dfc5a2000 r--p 00002000 08:01 664123                     /usr/lib/x86_64-linux-gnu/libgmodule-2.0.so.0.2800.6
7f8dfc5a2000-7f8dfc5a3000 rw-p 00003000 08:01 664123                     /usr/lib/x86_64-linux-gnu/libgmodule-2.0.so.0.2800.6
7f8dfc5a3000-7f8dfc6c7000 r-xp 00000000 08:01 664121                     /usr/lib/x86_64-linux-gnu/libgio-2.0.so.0.2800.6
7f8dfc6c7000-7f8dfc8c6000 ---p 00124000 08:01 664121                     /usr/lib/x86_64-linux-gnu/libgio-2.0.so.0.2800.6
7f8dfc8c6000-7f8dfc8ca000 r--p 00123000 08:01 664121                     /usr/lib/x86_64-linux-gnu/libgio-2.0.so.0.2800.6
7f8dfc8ca000-7f8dfc8cc000 rw-p 00127000 08:01 664121                     /usr/lib/x86_64-linux-gnu/libgio-2.0.so.0.2800.6
7f8dfc8cc000-7f8dfc8ce000 rw-p 00000000 00:00 0 
7f8dfc8ce000-7f8dfc8ed000 r-xp 00000000 08:01 659252                     /usr/lib/libgdk_pixbuf-2.0.so.0.2300.3
7f8dfc8ed000-7f8dfcaec000 ---p 0001f000 08:01 659252                     /usr/lib/libgdk_pixbuf-2.0.so.0.2300.3
7f8dfcaec000-7f8dfcaed000 r--p 0001e000 08:01 659252                     /usr/lib/libgdk_pixbuf-2.0.so.0.2300.3
7f8dfcaed000-7f8dfcaee000 rw-p 0001f000 08:01 659252                     /usr/lib/libgdk_pixbuf-2.0.so.0.2300.3
7f8dfcaee000-7f8dfcb35000 r-xp 00000000 08:01 664165                     /usr/lib/x86_64-linux-gnu/libpango-1.0.so.0.2800.4
7f8dfcb35000-7f8dfcd35000 ---p 00047000 08:01 664165                     /usr/lib/x86_64-linux-gnu/libpango-1.0.so.0.2800.4
7f8dfcd35000-7f8dfcd37000 r--p 00047000 08:01 664165                     /usr/lib/x86_64-linux-gnu/libpango-1.0.so.0.2800.4
7f8dfcd37000-7f8dfcd38000 rw-p 00049000 08:01 664165                     /usr/lib/x86_64-linux-gnu/libpango-1.0.so.0.2800.4
7f8dfcd38000-7f8dfcd43000 r-xp 00000000 08:01 664167                     /usr/lib/x86_64-linux-gnu/libpangocairo-1.0.so.0.2800.4
7f8dfcd43000-7f8dfcf43000 ---p 0000b000 08:01 664167                     /usr/lib/x86_64-linux-gnu/libpangocairo-1.0.so.0.2800.4
7f8dfcf43000-7f8dfcf44000 r--p 0000b000 08:01 664167                     /usr/lib/x86_64-linux-gnu/libpangocairo-1.0.so.0.2800.4
7f8dfcf44000-7f8dfcf45000 rw-p 0000c000 08:01 664167                     /usr/lib/x86_64-linux-gnu/libpangocairo-1.0.so.0.2800.4
7f8dfcf45000-7f8dfcff3000 r-xp 00000000 08:01 659250                     /usr/lib/libgdk-x11-2.0.so.0.2400.4
7f8dfcff3000-7f8dfd1f2000 ---p 000ae000 08:01 659250                     /usr/lib/libgdk-x11-2.0.so.0.2400.4
7f8dfd1f2000-7f8dfd1f6000 r--p 000ad000 08:01 659250                     /usr/lib/libgdk-x11-2.0.so.0.2400.4
7f8dfd1f6000-7f8dfd1f8000 rw-p 000b1000 08:01 659250                     /usr/lib/libgdk-x11-2.0.so.0.2400.4
7f8dfd1f8000-7f8dfd233000 r-xp 00000000 08:01 2625316                    /lib/x86_64-linux-gnu/libpcre.so.3.12.1
7f8dfd233000-7f8dfd432000 ---p 0003b000 08:01 2625316                    /lib/x86_64-linux-gnu/libpcre.so.3.12.1
7f8dfd432000-7f8dfd433000 r--p 0003a000 08:01 2625316                    /lib/x86_64-linux-gnu/libpcre.so.3.12.1
7f8dfd433000-7f8dfd434000 rw-p 0003b000 08:01 2625316                    /lib/x86_64-linux-gnu/libpcre.so.3.12.1
7f8dfd434000-7f8dfd521000 r-xp 00000000 08:01 2625286                    /lib/x86_64-linux-gnu/libglib-2.0.so.0.2800.6
7f8dfd521000-7f8dfd720000 ---p 000ed000 08:01 2625286                    /lib/x86_64-linux-gnu/libglib-2.0.so.0.2800.6
7f8dfd720000-7f8dfd721000 r--p 000ec000 08:01 2625286                    /lib/x86_64-linux-gnu/libglib-2.0.so.0.2800.6
7f8dfd721000-7f8dfd722000 rw-p 000ed000 08:01 2625286                    /lib/x86_64-linux-gnu/libglib-2.0.so.0.2800.6
7f8dfd722000-7f8dfd723000 rw-p 00000000 00:00 0 
7f8dfd723000-7f8dfd727000 r-xp 00000000 08:01 664137                     /usr/lib/x86_64-linux-gnu/libgthread-2.0.so.0.2800.6
7f8dfd727000-7f8dfd926000 ---p 00004000 08:01 664137                     /usr/lib/x86_64-linux-gnu/libgthread-2.0.so.0.2800.6
7f8dfd926000-7f8dfd927000 r--p 00003000 08:01 664137                     /usr/lib/x86_64-linux-gnu/libgthread-2.0.so.0.2800.6
7f8dfd927000-7f8dfd928000 rw-p 00004000 08:01 664137                     /usr/lib/x86_64-linux-gnu/libgthread-2.0.so.0.2800.6
7f8dfd928000-7f8dfd976000 r-xp 00000000 08:01 664131                     /usr/lib/x86_64-linux-gnu/libgobject-2.0.so.0.2800.6
7f8dfd976000-7f8dfdb76000 ---p 0004e000 08:01 664131                     /usr/lib/x86_64-linux-gnu/libgobject-2.0.so.0.2800.6
7f8dfdb76000-7f8dfdb77000 r--p 0004e000 08:01 664131                     /usr/lib/x86_64-linux-gnu/libgobject-2.0.so.0.2800.6
7f8dfdb77000-7f8dfdb78000 rw-p 0004f000 08:01 664131                     /usr/lib/x86_64-linux-gnu/libgobject-2.0.so.0.2800.6
7f8dfdb78000-7f8dfdb79000 rw-p 00000000 00:00 0 
7f8dfdb7b000-7f8dfdb7c000 r--s 00000000 08:01 138455                     /var/cache/fontconfig/4794a0821666d79190d59a36cb4f44b5-le64.cache-3
7f8dfdb89000-7f8dfdb8a000 rw-p 00000000 00:00 0 
7f8dfdb9a000-7f8dfdba9000 r-xp 00000000 08:01 3671047                    /opt/eclipse/plugins/org.eclipse.equinox.launcher.gtk.linux.x86_64_1.1.100.v20110505/eclipse_1407.so
7f8dfdba9000-7f8dfdca8000 ---p 0000f000 08:01 3671047                    /opt/eclipse/plugins/org.eclipse.equinox.launcher.gtk.linux.x86_64_1.1.100.v20110505/eclipse_1407.so
7f8dfdca8000-7f8dfdcaa000 rw-p 0000e000 08:01 3671047                    /opt/eclipse/plugins/org.eclipse.equinox.launcher.gtk.linux.x86_64_1.1.100.v20110505/eclipse_1407.so
7f8dfdcaa000-7f8dfdcab000 ---p 00000000 00:00 0 
7f8dfdcab000-7f8dfddab000 rw-p 00000000 00:00 0 
7f8dfddab000-7f8dfddae000 ---p 00000000 00:00 0 
7f8dfddae000-7f8dfdeac000 rw-p 00000000 00:00 0 
7f8dfdeac000-7f8dfdeaf000 ---p 00000000 00:00 0 
7f8dfdeaf000-7f8dfdfad000 rw-p 00000000 00:00 0 
7f8dfdfad000-7f8dfdfb0000 ---p 00000000 00:00 0 
7f8dfdfb0000-7f8dfe0ae000 rw-p 00000000 00:00 0 
7f8dfe0ae000-7f8dfe0b1000 ---p 00000000 00:00 0 
7f8dfe0b1000-7f8dfe1af000 rw-p 00000000 00:00 0 
7f8dfe1af000-7f8dfe839000 r--p 00000000 08:01 662727                     /usr/lib/locale/locale-archive
7f8dfe839000-7f8dfe83c000 ---p 00000000 00:00 0 
7f8dfe83c000-7f8dfe93a000 rw-p 00000000 00:00 0 
7f8dfe93a000-7f8dfe93d000 ---p 00000000 00:00 0 
7f8dfe93d000-7f8dfea3b000 rw-p 00000000 00:00 0 
7f8dfea3b000-7f8dfea3c000 ---p 00000000 00:00 0 
7f8dfea3c000-7f8dfeb6f000 rw-p 00000000 00:00 0 
7f8dfeb6f000-7f8dfecff000 r--s 037af000 08:01 658371                     /usr/lib/jvm/java-6-openjdk/jre/lib/rt.jar
7f8dfecff000-7f8dfed50000 rw-p 00000000 00:00 0 
7f8dfed50000-7f8dfeda8000 rw-p 00000000 00:00 0 
7f8dfeda8000-7f8dfedb7000 rw-p 00000000 00:00 0 
7f8dfedb7000-7f8dfede8000 rw-p 00000000 00:00 0 
7f8dfede8000-7f8dfee05000 rw-p 00000000 00:00 0 
7f8dfee05000-7f8dfee68000 rw-p 00000000 00:00 0 
7f8dfee68000-7f8dfee91000 rw-p 00000000 00:00 0 
7f8dfee91000-7f8dfeee8000 rw-p 00000000 00:00 0 
7f8dfeee8000-7f8dfef01000 rw-p 00000000 00:00 0 
7f8dfef01000-7f8dfefa9000 rw-p 00000000 00:00 0 
7f8dfefa9000-7f8dff5a9000 rwxp 00000000 00:00 0 
7f8dff5a9000-7f8e01fa9000 rw-p 00000000 00:00 0 
7f8e01fa9000-7f8e01fb0000 r-xp 00000000 08:01 658358                     /usr/lib/jvm/java-6-openjdk/jre/lib/amd64/libzip.so
7f8e01fb0000-7f8e021af000 ---p 00007000 08:01 658358                     /usr/lib/jvm/java-6-openjdk/jre/lib/amd64/libzip.so
7f8e021af000-7f8e021b0000 r--p 00006000 08:01 658358                     /usr/lib/jvm/java-6-openjdk/jre/lib/amd64/libzip.so
7f8e021b0000-7f8e021b1000 rw-p 00007000 08:01 658358                     /usr/lib/jvm/java-6-openjdk/jre/lib/amd64/libzip.so
7f8e021b1000-7f8e021c8000 r-xp 00000000 08:01 2625294                    /lib/x86_64-linux-gnu/libnsl-2.13.so
7f8e021c8000-7f8e023c7000 ---p 00017000 08:01 2625294                    /lib/x86_64-linux-gnu/libnsl-2.13.so
7f8e023c7000-7f8e023c8000 r--p 00016000 08:01 2625294                    /lib/x86_64-linux-gnu/libnsl-2.13.so
7f8e023c8000-7f8e023c9000 rw-p 00017000 08:01 2625294                    /lib/x86_64-linux-gnu/libnsl-2.13.so
7f8e023c9000-7f8e023cb000 rw-p 00000000 00:00 0 
7f8e023cb000-7f8e023f7000 r-xp 00000000 08:01 658357                     /usr/lib/jvm/java-6-openjdk/jre/lib/amd64/libjava.so
7f8e023f7000-7f8e025f6000 ---p 0002c000 08:01 658357                     /usr/lib/jvm/java-6-openjdk/jre/lib/amd64/libjava.so
7f8e025f6000-7f8e025f7000 r--p 0002b000 08:01 658357                     /usr/lib/jvm/java-6-openjdk/jre/lib/amd64/libjava.so
7f8e025f7000-7f8e025fa000 rw-p 0002c000 08:01 658357                     /usr/lib/jvm/java-6-openjdk/jre/lib/amd64/libjava.so
7f8e025fa000-7f8e02608000 r-xp 00000000 08:01 658343                     /usr/lib/jvm/java-6-openjdk/jre/lib/amd64/libverify.so
7f8e02608000-7f8e02807000 ---p 0000e000 08:01 658343                     /usr/lib/jvm/java-6-openjdk/jre/lib/amd64/libverify.so
7f8e02807000-7f8e02809000 r--p 0000d000 08:01 658343                     /usr/lib/jvm/java-6-openjdk/jre/lib/amd64/libverify.so
7f8e02809000-7f8e0280a000 rw-p 0000f000 08:01 658343                     /usr/lib/jvm/java-6-openjdk/jre/lib/amd64/libverify.so
7f8e0280a000-7f8e02811000 r-xp 00000000 08:01 2625323                    /lib/x86_64-linux-gnu/librt-2.13.so
7f8e02811000-7f8e02a10000 ---p 00007000 08:01 2625323                    /lib/x86_64-linux-gnu/librt-2.13.so
7f8e02a10000-7f8e02a11000 r--p 00006000 08:01 2625323                    /lib/x86_64-linux-gnu/librt-2.13.so
7f8e02a11000-7f8e02a12000 rw-p 00007000 08:01 2625323                    /lib/x86_64-linux-gnu/librt-2.13.so
7f8e02a12000-7f8e02a27000 r-xp 00000000 08:01 2625282                    /lib/x86_64-linux-gnu/libgcc_s.so.1
7f8e02a27000-7f8e02c26000 ---p 00015000 08:01 2625282                    /lib/x86_64-linux-gnu/libgcc_s.so.1
7f8e02c26000-7f8e02c27000 r--p 00014000 08:01 2625282                    /lib/x86_64-linux-gnu/libgcc_s.so.1
7f8e02c27000-7f8e02c28000 rw-p 00015000 08:01 2625282                    /lib/x86_64-linux-gnu/libgcc_s.so.1
7f8e02c28000-7f8e02cac000 r-xp 00000000 08:01 2625291                    /lib/x86_64-linux-gnu/libm-2.13.so
7f8e02cac000-7f8e02eab000 ---p 00084000 08:01 2625291                    /lib/x86_64-linux-gnu/libm-2.13.so
7f8e02eab000-7f8e02eac000 r--p 00083000 08:01 2625291                    /lib/x86_64-linux-gnu/libm-2.13.so
7f8e02eac000-7f8e02ead000 rw-p 00084000 08:01 2625291                    /lib/x86_64-linux-gnu/libm-2.13.so
7f8e02ead000-7f8e02f95000 r-xp 00000000 08:01 664187                     /usr/lib/x86_64-linux-gnu/libstdc++.so.6.0.14
7f8e02f95000-7f8e03194000 ---p 000e8000 08:01 664187                     /usr/lib/x86_64-linux-gnu/libstdc++.so.6.0.14
7f8e03194000-7f8e0319c000 r--p 000e7000 08:01 664187                     /usr/lib/x86_64-linux-gnu/libstdc++.so.6.0.14
7f8e0319c000-7f8e0319e000 rw-p 000ef000 08:01 664187                     /usr/lib/x86_64-linux-gnu/libstdc++.so.6.0.14
7f8e0319e000-7f8e031b3000 rw-p 00000000 00:00 0 
7f8e031b3000-7f8e03b08000 r-xp 00000000 08:01 658360                     /usr/lib/jvm/java-6-openjdk/jre/lib/amd64/server/libjvm.so
7f8e03b08000-7f8e03d07000 ---p 00955000 08:01 658360                     /usr/lib/jvm/java-6-openjdk/jre/lib/amd64/server/libjvm.so
7f8e03d07000-7f8e03d88000 r--p 00954000 08:01 658360                     /usr/lib/jvm/java-6-openjdk/jre/lib/amd64/server/libjvm.so
7f8e03d88000-7f8e03da3000 rw-p 009d5000 08:01 658360                     /usr/lib/jvm/java-6-openjdk/jre/lib/amd64/server/libjvm.so
7f8e03da3000-7f8e03dcc000 rw-p 00000000 00:00 0 
7f8e03dcc000-7f8e03f56000 r-xp 00000000 08:01 2625254                    /lib/x86_64-linux-gnu/libc-2.13.so
7f8e03f56000-7f8e04155000 ---p 0018a000 08:01 2625254                    /lib/x86_64-linux-gnu/libc-2.13.so
7f8e04155000-7f8e04159000 r--p 00189000 08:01 2625254                    /lib/x86_64-linux-gnu/libc-2.13.so
7f8e04159000-7f8e0415a000 rw-p 0018d000 08:01 2625254                    /lib/x86_64-linux-gnu/libc-2.13.so
7f8e0415a000-7f8e04160000 rw-p 00000000 00:00 0 
7f8e04160000-7f8e04162000 r-xp 00000000 08:01 2625264                    /lib/x86_64-linux-gnu/libdl-2.13.so
7f8e04162000-7f8e04362000 ---p 00002000 08:01 2625264                    /lib/x86_64-linux-gnu/libdl-2.13.so
7f8e04362000-7f8e04363000 r--p 00002000 08:01 2625264                    /lib/x86_64-linux-gnu/libdl-2.13.so
7f8e04363000-7f8e04364000 rw-p 00003000 08:01 2625264                    /lib/x86_64-linux-gnu/libdl-2.13.so
7f8e04364000-7f8e04368000 r-xp 00000000 08:01 658341                     /usr/lib/jvm/java-6-openjdk/jre/lib/amd64/jli/libjli.so
7f8e04368000-7f8e04567000 ---p 00004000 08:01 658341                     /usr/lib/jvm/java-6-openjdk/jre/lib/amd64/jli/libjli.so
7f8e04567000-7f8e04568000 r--p 00003000 08:01 658341                     /usr/lib/jvm/java-6-openjdk/jre/lib/amd64/jli/libjli.so
7f8e04568000-7f8e04569000 rw-p 00004000 08:01 658341                     /usr/lib/jvm/java-6-openjdk/jre/lib/amd64/jli/libjli.so
7f8e04569000-7f8e04581000 r-xp 00000000 08:01 2625319                    /lib/x86_64-linux-gnu/libpthread-2.13.so
7f8e04581000-7f8e04781000 ---p 00018000 08:01 2625319                    /lib/x86_64-linux-gnu/libpthread-2.13.so
7f8e04781000-7f8e04782000 r--p 00018000 08:01 2625319                    /lib/x86_64-linux-gnu/libpthread-2.13.so
7f8e04782000-7f8e04783000 rw-p 00019000 08:01 2625319                    /lib/x86_64-linux-gnu/libpthread-2.13.so
7f8e04783000-7f8e04787000 rw-p 00000000 00:00 0 
7f8e04787000-7f8e0479e000 r-xp 00000000 08:01 2625337                    /lib/x86_64-linux-gnu/libz.so.1.2.3.4
7f8e0479e000-7f8e0499d000 ---p 00017000 08:01 2625337                    /lib/x86_64-linux-gnu/libz.so.1.2.3.4
7f8e0499d000-7f8e0499e000 r--p 00016000 08:01 2625337                    /lib/x86_64-linux-gnu/libz.so.1.2.3.4
7f8e0499e000-7f8e0499f000 rw-p 00017000 08:01 2625337                    /lib/x86_64-linux-gnu/libz.so.1.2.3.4
7f8e0499f000-7f8e049c0000 r-xp 00000000 08:01 2625241                    /lib/x86_64-linux-gnu/ld-2.13.so
7f8e049c2000-7f8e049c4000 r--s 00013000 08:01 658282                     /usr/lib/jvm/java-6-openjdk/jre/lib/jce.jar
7f8e049d1000-7f8e049d2000 r--s 00000000 00:16 76550584                   /homes/users/cs/students/2011/jharerimana/.local/share/gvfs-metadata/.nfs00000000049011b80000001b
7f8e049e0000-7f8e049fd000 rw-p 00000000 00:00 0 
7f8e049fd000-7f8e04a61000 rw-p 00000000 00:00 0 
7f8e04a61000-7f8e04a96000 r--s 00000000 08:01 136968                     /var/cache/nscd/passwd
7f8e04a96000-7f8e04a99000 ---p 00000000 00:00 0 
7f8e04a99000-7f8e04b9c000 rw-p 00000000 00:00 0 
7f8e04b9c000-7f8e04ba3000 r--s 000fb000 08:01 658323                     /usr/lib/jvm/java-6-openjdk/jre/lib/resources.jar
7f8e04ba3000-7f8e04ba7000 r--s 0007c000 08:01 658280                     /usr/lib/jvm/java-6-openjdk/jre/lib/jsse.jar
7f8e04ba7000-7f8e04baf000 r--s 00066000 08:01 1061457                    /usr/share/java/gnome-java-bridge.jar
7f8e04baf000-7f8e04bb2000 r--s 0000f000 08:01 658316                     /usr/lib/jvm/java-6-openjdk/jre/lib/ext/pulse-java.jar
7f8e04bb2000-7f8e04bb3000 r--s 0000b000 08:01 3670988                    /opt/eclipse/plugins/org.eclipse.equinox.launcher_1.2.0.v20110502.jar
7f8e04bb3000-7f8e04bbb000 rw-s 00000000 08:01 4325429                    /tmp/hsperfdata_jharerimana/23445 (deleted)
7f8e04bbb000-7f8e04bbc000 rw-p 00000000 00:00 0 
7f8e04bbc000-7f8e04bbd000 ---p 00000000 00:00 0 
7f8e04bbd000-7f8e04bbf000 rw-p 00000000 00:00 0 
7f8e04bbf000-7f8e04bc0000 r--p 00020000 08:01 2625241                    /lib/x86_64-linux-gnu/ld-2.13.so
7f8e04bc0000-7f8e04bc2000 rw-p 00021000 08:01 2625241                    /lib/x86_64-linux-gnu/ld-2.13.so
7fff1000c000-7fff10042000 rw-p 00000000 00:00 0                          [stack]
7fff101c0000-7fff101c1000 r-xp 00000000 00:00 0                          [vdso]
ffffffffff600000-ffffffffff601000 r-xp 00000000 00:00 0                  [vsyscall]

VM Arguments:
jvm_args: -Xms40m -Xmx384m -XX:MaxPermSize=256m 
java_command: /opt/eclipse//plugins/org.eclipse.equinox.launcher_1.2.0.v20110502.jar -os linux -ws gtk -arch x86_64 -showsplash -launcher /opt/eclipse/eclipse -name Eclipse --launcher.library /opt/eclipse//plugins/org.eclipse.equinox.launcher.gtk.linux.x86_64_1.1.100.v20110505/eclipse_1407.so -startup /opt/eclipse//plugins/org.eclipse.equinox.launcher_1.2.0.v20110502.jar --launcher.overrideVmargs -exitdata 1f802f -vm /usr/bin/java -vmargs -Xms40m -Xmx384m -XX:MaxPermSize=256m -jar /opt/eclipse//plugins/org.eclipse.equinox.launcher_1.2.0.v20110502.jar
Launcher Type: SUN_STANDARD

Environment Variables:
PATH=/usr/local/gradle/bin:/usr/local/sbin:/usr/local/bin:/usr/sbin:/usr/bin:/sbin:/bin:/usr/games
USERNAME=jharerimana
LD_LIBRARY_PATH=/usr/lib/jvm/java-6-openjdk/jre/lib/amd64/server:/usr/lib/jvm/java-6-openjdk/jre/lib/amd64:/usr/lib/jvm/java-6-openjdk/jre/../lib/amd64
SHELL=/bin/bash
DISPLAY=:0

Signal Handlers:
SIGSEGV: [libjvm.so+0x7d0f60], sa_mask[0]=0x7ffbfeff, sa_flags=0x10000004
SIGBUS: [libjvm.so+0x7d0f60], sa_mask[0]=0x7ffbfeff, sa_flags=0x10000004
SIGFPE: [libjvm.so+0x683760], sa_mask[0]=0x7ffbfeff, sa_flags=0x10000004
SIGPIPE: SIG_IGN, sa_mask[0]=0x00001000, sa_flags=0x10000000
SIGXFSZ: [libjvm.so+0x683760], sa_mask[0]=0x7ffbfeff, sa_flags=0x10000004
SIGILL: [libjvm.so+0x683760], sa_mask[0]=0x7ffbfeff, sa_flags=0x10000004
SIGUSR1: SIG_DFL, sa_mask[0]=0x00000000, sa_flags=0x00000000
SIGUSR2: [libjvm.so+0x683930], sa_mask[0]=0x00000000, sa_flags=0x10000004
SIGHUP: [libjvm.so+0x6862d0], sa_mask[0]=0x7ffbfeff, sa_flags=0x10000004
SIGINT: [libjvm.so+0x6862d0], sa_mask[0]=0x7ffbfeff, sa_flags=0x10000004
SIGTERM: [libjvm.so+0x6862d0], sa_mask[0]=0x7ffbfeff, sa_flags=0x10000004
SIGQUIT: [libjvm.so+0x6862d0], sa_mask[0]=0x7ffbfeff, sa_flags=0x10000004


---------------  S Y S T E M  ---------------

OS:Ubuntu 11.04 (natty)
uname:Linux 2.6.39-0-generic #5~20110427-Ubuntu SMP Wed Apr 27 15:27:41 UTC 2011 x86_64
libc:glibc 2.13 NPTL 2.13 
rlimit: STACK 8192k, CORE 0k, NPROC infinity, NOFILE 4096, AS infinity
load average:0.08 0.22 0.22

/proc/meminfo:
MemTotal:        3089884 kB
MemFree:         1637820 kB
Buffers:          116156 kB
Cached:           544568 kB
SwapCached:            0 kB
Active:           868408 kB
Inactive:         358348 kB
Active(anon):     566808 kB
Inactive(anon):     2664 kB
Active(file):     301600 kB
Inactive(file):   355684 kB
Unevictable:          96 kB
Mlocked:              96 kB
SwapTotal:       3142652 kB
SwapFree:        3142652 kB
Dirty:               144 kB
Writeback:             0 kB
AnonPages:        566200 kB
Mapped:           108904 kB
Shmem:              3392 kB
Slab:             107600 kB
SReclaimable:      91092 kB
SUnreclaim:        16508 kB
KernelStack:        2672 kB
PageTables:        19768 kB
NFS_Unstable:          0 kB
Bounce:                0 kB
WritebackTmp:          0 kB
CommitLimit:     4687592 kB
Committed_AS:    1993492 kB
VmallocTotal:   34359738367 kB
VmallocUsed:      332764 kB
VmallocChunk:   34359389244 kB
HardwareCorrupted:     0 kB
AnonHugePages:         0 kB
HugePages_Total:       0
HugePages_Free:        0
HugePages_Rsvd:        0
HugePages_Surp:        0
Hugepagesize:       2048 kB
DirectMap4k:      127936 kB
DirectMap2M:     3016704 kB


CPU:total 1 (1 cores per cpu, 1 threads per core) family 15 model 39 stepping 1, cmov, cx8, fxsr, mmx, sse, sse2, sse3, mmxext, 3dnow, 3dnowext

Memory: 4k page, physical 3089884k(1637820k free), swap 3142652k(3142652k free)

vm_info: OpenJDK 64-Bit Server VM (20.0-b11) for linux-amd64 JRE (1.6.0_22-b22), built on Jun 11 2011 05:56:16 by "buildd" with gcc 4.5.2

time: Tue Jul 26 17:07:48 2011
elapsed time: 2123 seconds

